<?xml version="1.0" encoding="UTF-8" ?>
<testsuite failures="1" time="0.102" errors="0" skipped="0" tests="1" name="org.openhds.integration.IndividualTest">
  <properties>
[...]
</properties>
  <testcase time="0.102" classname="org.openhds.integration.IndividualTest" name="testIndividualCreate">
    <failure type="java.lang.AssertionError:">java.lang.AssertionError: 
	at org.junit.Assert.fail(Assert.java:91)
	at org.junit.Assert.assertTrue(Assert.java:43)
	at org.junit.Assert.assertNotNull(Assert.java:524)
	at org.junit.Assert.assertNotNull(Assert.java:535)
	at org.openhds.integration.IndividualTest.testIndividualCreate(IndividualTest.java:76)
	at sun.reflect.NativeMethodAccessorImpl.invoke0(Native Method)
	at sun.reflect.NativeMethodAccessorImpl.invoke(NativeMethodAccessorImpl.java:57)
	at sun.reflect.DelegatingMethodAccessorImpl.invoke(DelegatingMethodAccessorImpl.java:43)
	at java.lang.reflect.Method.invoke(Method.java:606)
	at org.junit.runners.model.FrameworkMethod$1.runReflectiveCall(FrameworkMethod.java:44)
	at org.junit.internal.runners.model.ReflectiveCallable.run(ReflectiveCallable.java:15)
	at org.junit.runners.model.FrameworkMethod.invokeExplosively(FrameworkMethod.java:41)
	at org.junit.internal.runners.statements.InvokeMethod.evaluate(InvokeMethod.java:20)
	at org.springframework.test.context.junit4.statements.RunBeforeTestMethodCallbacks.evaluate(RunBeforeTestMethodCallbacks.java:74)
	at org.springframework.test.context.junit4.statements.RunAfterTestMethodCallbacks.evaluate(RunAfterTestMethodCallbacks.java:83)
	at org.springframework.test.context.junit4.statements.SpringRepeat.evaluate(SpringRepeat.java:72)
	at org.springframework.test.context.junit4.SpringJUnit4ClassRunner.runChild(SpringJUnit4ClassRunner.java:231)
	at org.springframework.test.context.junit4.SpringJUnit4ClassRunner.runChild(SpringJUnit4ClassRunner.java:88)
	at org.junit.runners.ParentRunner$3.run(ParentRunner.java:193)
	at org.junit.runners.ParentRunner$1.schedule(ParentRunner.java:52)
	at org.junit.runners.ParentRunner.runChildren(ParentRunner.java:191)
	at org.junit.runners.ParentRunner.access$000(ParentRunner.java:42)
	at org.junit.runners.ParentRunner$2.evaluate(ParentRunner.java:184)
	at org.springframework.test.context.junit4.statements.RunBeforeTestClassCallbacks.evaluate(RunBeforeTestClassCallbacks.java:61)
	at org.springframework.test.context.junit4.statements.RunAfterTestClassCallbacks.evaluate(RunAfterTestClassCallbacks.java:71)
	at org.junit.runners.ParentRunner.run(ParentRunner.java:236)
	at org.springframework.test.context.junit4.SpringJUnit4ClassRunner.run(SpringJUnit4ClassRunner.java:174)
	at org.apache.maven.surefire.junit4.JUnit4Provider.execute(JUnit4Provider.java:252)
	at org.apache.maven.surefire.junit4.JUnit4Provider.executeTestSet(JUnit4Provider.java:141)
	at org.apache.maven.surefire.junit4.JUnit4Provider.invoke(JUnit4Provider.java:112)
	at sun.reflect.NativeMethodAccessorImpl.invoke0(Native Method)
	at sun.reflect.NativeMethodAccessorImpl.invoke(NativeMethodAccessorImpl.java:57)
	at sun.reflect.DelegatingMethodAccessorImpl.invoke(DelegatingMethodAccessorImpl.java:43)
	at java.lang.reflect.Method.invoke(Method.java:606)
	at org.apache.maven.surefire.util.ReflectionUtils.invokeMethodWithArray(ReflectionUtils.java:189)
	at org.apache.maven.surefire.booter.ProviderFactory$ProviderProxy.invoke(ProviderFactory.java:165)
	at org.apache.maven.surefire.booter.ProviderFactory.invokeProvider(ProviderFactory.java:85)
	at org.apache.maven.surefire.booter.ForkedBooter.runSuitesInProcess(ForkedBooter.java:115)
	at org.apache.maven.surefire.booter.ForkedBooter.main(ForkedBooter.java:75)
</failure>
    <system-out>Hibernate: select this_.uuid as uuid6_0_, this_.deleted as deleted6_0_, this_.insertBy_uuid as insertBy9_6_0_, this_.insertDate as insertDate6_0_, this_.voidBy_uuid as voidBy10_6_0_, this_.voidDate as voidDate6_0_, this_.voidReason as voidReason6_0_, this_.extId as extId6_0_, this_.firstName as firstName6_0_, this_.lastName as lastName6_0_ from fieldworker this_ where this_.extId=?
Hibernate: select this_.uuid as uuid10_3_, this_.deleted as deleted10_3_, this_.insertBy_uuid as insertBy15_10_3_, this_.insertDate as insertDate10_3_, this_.voidBy_uuid as voidBy16_10_3_, this_.voidDate as voidDate10_3_, this_.voidReason as voidReason10_3_, this_.collectedBy_uuid as collect17_10_3_, this_.status as status10_3_, this_.statusMessage as statusMe7_10_3_, this_.accuracy as accuracy10_3_, this_.altitude as altitude10_3_, this_.extId as extId10_3_, this_.latitude as latitude10_3_, this_.locationLevel_uuid as locatio18_10_3_, this_.locationName as locatio12_10_3_, this_.locationType as locatio13_10_3_, this_.longitude as longitude10_3_, locationhi2_.uuid as uuid11_0_, locationhi2_.extId as extId11_0_, locationhi2_.level_uuid as level4_11_0_, locationhi2_.name as name11_0_, locationhi2_.parent_uuid as parent5_11_0_, locationhi3_.uuid as uuid12_1_, locationhi3_.keyIdentifier as keyIdent2_12_1_, locationhi3_.name as name12_1_, locationhi4_.uuid as uuid11_2_, locationhi4_.extId as extId11_2_, locationhi4_.level_uuid as level4_11_2_, locationhi4_.name as name11_2_, locationhi4_.parent_uuid as parent5_11_2_ from location this_ left outer join locationhierarchy locationhi2_ on this_.locationLevel_uuid=locationhi2_.uuid left outer join locationhierarchylevel locationhi3_ on locationhi2_.level_uuid=locationhi3_.uuid left outer join locationhierarchy locationhi4_ on locationhi2_.parent_uuid=locationhi4_.uuid where this_.extId=?
Hibernate: select this_.uuid as uuid8_0_, this_.deleted as deleted8_0_, this_.insertBy_uuid as insertBy15_8_0_, this_.insertDate as insertDate8_0_, this_.voidBy_uuid as voidBy16_8_0_, this_.voidDate as voidDate8_0_, this_.voidReason as voidReason8_0_, this_.collectedBy_uuid as collect17_8_0_, this_.status as status8_0_, this_.statusMessage as statusMe7_8_0_, this_.dob as dob8_0_, this_.dobAspect as dobAspect8_0_, this_.extId as extId8_0_, this_.father_uuid as father18_8_0_, this_.firstName as firstName8_0_, this_.gender as gender8_0_, this_.lastName as lastName8_0_, this_.middleName as middleName8_0_, this_.mother_uuid as mother19_8_0_ from individual this_ where this_.extId=?
Hibernate: select this_.uuid as uuid8_0_, this_.deleted as deleted8_0_, this_.insertBy_uuid as insertBy15_8_0_, this_.insertDate as insertDate8_0_, this_.voidBy_uuid as voidBy16_8_0_, this_.voidDate as voidDate8_0_, this_.voidReason as voidReason8_0_, this_.collectedBy_uuid as collect17_8_0_, this_.status as status8_0_, this_.statusMessage as statusMe7_8_0_, this_.dob as dob8_0_, this_.dobAspect as dobAspect8_0_, this_.extId as extId8_0_, this_.father_uuid as father18_8_0_, this_.firstName as firstName8_0_, this_.gender as gender8_0_, this_.lastName as lastName8_0_, this_.middleName as middleName8_0_, this_.mother_uuid as mother19_8_0_ from individual this_ where this_.extId=?
</system-out>
  </testcase>
</testsuite>