<?xml version="1.0" encoding="UTF-8" ?>
<testsuite failures="1" time="2.973" errors="0" skipped="0" tests="1" name="org.openhds.integration.MembershipResourceTest">
  <properties>
[...]
</properties>
  <testcase time="2.973" classname="org.openhds.integration.MembershipResourceTest" name="testPostMemebrsipXml">
    <failure message="Status expected:&lt;201&gt; but was:&lt;500&gt;" type="java.lang.AssertionError">java.lang.AssertionError: Status expected:&lt;201&gt; but was:&lt;500&gt;
	at org.springframework.test.web.AssertionErrors.fail(AssertionErrors.java:46)
	at org.springframework.test.web.AssertionErrors.assertEquals(AssertionErrors.java:75)
	at org.springframework.test.web.server.result.StatusResultMatchers$3.match(StatusResultMatchers.java:535)
	at org.springframework.test.web.server.MockMvc$1.andExpect(MockMvc.java:139)
	at org.openhds.integration.MembershipResourceTest.testPostMemebrsipXml(MembershipResourceTest.java:102)
	at sun.reflect.NativeMethodAccessorImpl.invoke0(Native Method)
	at sun.reflect.NativeMethodAccessorImpl.invoke(NativeMethodAccessorImpl.java:57)
	at sun.reflect.DelegatingMethodAccessorImpl.invoke(DelegatingMethodAccessorImpl.java:43)
	at java.lang.reflect.Method.invoke(Method.java:606)
	at org.junit.runners.model.FrameworkMethod$1.runReflectiveCall(FrameworkMethod.java:44)
	at org.junit.internal.runners.model.ReflectiveCallable.run(ReflectiveCallable.java:15)
	at org.junit.runners.model.FrameworkMethod.invokeExplosively(FrameworkMethod.java:41)
	at org.junit.internal.runners.statements.InvokeMethod.evaluate(InvokeMethod.java:20)
	at org.junit.internal.runners.statements.RunBefores.evaluate(RunBefores.java:28)
	at org.springframework.test.context.junit4.statements.RunBeforeTestMethodCallbacks.evaluate(RunBeforeTestMethodCallbacks.java:74)
	at org.springframework.test.context.junit4.statements.RunAfterTestMethodCallbacks.evaluate(RunAfterTestMethodCallbacks.java:83)
	at org.springframework.test.context.junit4.statements.SpringRepeat.evaluate(SpringRepeat.java:72)
	at org.springframework.test.context.junit4.SpringJUnit4ClassRunner.runChild(SpringJUnit4ClassRunner.java:231)
	at org.springframework.test.context.junit4.SpringJUnit4ClassRunner.runChild(SpringJUnit4ClassRunner.java:88)
	at org.junit.runners.ParentRunner$3.run(ParentRunner.java:193)
	at org.junit.runners.ParentRunner$1.schedule(ParentRunner.java:52)
	at org.junit.runners.ParentRunner.runChildren(ParentRunner.java:191)
	at org.junit.runners.ParentRunner.access$000(ParentRunner.java:42)
	at org.junit.runners.ParentRunner$2.evaluate(ParentRunner.java:184)
	at org.springframework.test.context.junit4.statements.RunBeforeTestClassCallbacks.evaluate(RunBeforeTestClassCallbacks.java:61)
	at org.springframework.test.context.junit4.statements.RunAfterTestClassCallbacks.evaluate(RunAfterTestClassCallbacks.java:71)
	at org.junit.runners.ParentRunner.run(ParentRunner.java:236)
	at org.springframework.test.context.junit4.SpringJUnit4ClassRunner.run(SpringJUnit4ClassRunner.java:174)
	at org.apache.maven.surefire.junit4.JUnit4Provider.execute(JUnit4Provider.java:252)
	at org.apache.maven.surefire.junit4.JUnit4Provider.executeTestSet(JUnit4Provider.java:141)
	at org.apache.maven.surefire.junit4.JUnit4Provider.invoke(JUnit4Provider.java:112)
	at sun.reflect.NativeMethodAccessorImpl.invoke0(Native Method)
	at sun.reflect.NativeMethodAccessorImpl.invoke(NativeMethodAccessorImpl.java:57)
	at sun.reflect.DelegatingMethodAccessorImpl.invoke(DelegatingMethodAccessorImpl.java:43)
	at java.lang.reflect.Method.invoke(Method.java:606)
	at org.apache.maven.surefire.util.ReflectionUtils.invokeMethodWithArray(ReflectionUtils.java:189)
	at org.apache.maven.surefire.booter.ProviderFactory$ProviderProxy.invoke(ProviderFactory.java:165)
	at org.apache.maven.surefire.booter.ProviderFactory.invokeProvider(ProviderFactory.java:85)
	at org.apache.maven.surefire.booter.ForkedBooter.runSuitesInProcess(ForkedBooter.java:115)
	at org.apache.maven.surefire.booter.ForkedBooter.main(ForkedBooter.java:75)
</failure>
    <system-out>08:54:27,386 DEBUG com.github.springtestdbunit.DbUnitTestExecutionListener:83 - Preparing test instance class org.openhds.integration.MembershipResourceTest for DBUnit
08:54:27,387 DEBUG com.github.springtestdbunit.DbUnitTestExecutionListener:105 - DBUnit tests will run using databaseConnection &quot;dataSource&quot;, datasets will be loaded using class com.github.springtestdbunit.dataset.FlatXmlDataSetLoader
08:54:27,389 DEBUG org.dbunit.dataset.xml.FlatXmlDataSetBuilder:262 - Creating FlatXmlDataSet with builder parameters: org.dbunit.dataset.xml.FlatXmlDataSetBuilder[dtdMetadata=true, columnSensing=false, caseSensitiveTableNames=false, metaDataSet=null]
08:54:27,389 DEBUG org.dbunit.dataset.xml.FlatXmlDataSetBuilder:283 - Creating FlatXmlProducer using the properties of this builder: org.dbunit.dataset.xml.FlatXmlDataSetBuilder[dtdMetadata=true, columnSensing=false, caseSensitiveTableNames=false, metaDataSet=null]
08:54:27,390 DEBUG org.dbunit.dataset.xml.FlatXmlProducer:336 - setConsumer(consumer) - start
08:54:27,391 DEBUG org.dbunit.dataset.xml.FlatXmlProducer:348 - produce() - start
08:54:27,393 DEBUG org.dbunit.dataset.xml.FlatDtdProducer:131 - setLexicalHandler(xmlReader=com.sun.org.apache.xerces.internal.jaxp.SAXParserImpl$JAXPSAXParser@18f9a2f, handler=org.dbunit.dataset.xml.FlatXmlProducer$FlatDtdHandler@d3c309) - start
08:54:27,394 DEBUG org.dbunit.dataset.xml.FlatDtdProducer:124 - setDeclHandler(xmlReader=com.sun.org.apache.xerces.internal.jaxp.SAXParserImpl$JAXPSAXParser@18f9a2f, handler=org.dbunit.dataset.xml.FlatXmlProducer$FlatDtdHandler@d3c309) - start
08:54:27,395 DEBUG org.dbunit.dataset.xml.FlatXmlProducer:414 - startElement(uri=, localName=, qName=dataset, attributes=com.sun.org.apache.xerces.internal.parsers.AbstractSAXParser$AttributesProxy@b05661) - start
08:54:27,396 DEBUG org.dbunit.dataset.CachedDataSet:123 - startDataSet() - start
08:54:27,397 DEBUG org.dbunit.dataset.xml.FlatXmlProducer:414 - startElement(uri=, localName=, qName=privilege, attributes=com.sun.org.apache.xerces.internal.parsers.AbstractSAXParser$AttributesProxy@b05661) - start
08:54:27,397 DEBUG org.dbunit.dataset.OrderedTableNameMap:149 - getLastTableName() - start
08:54:27,398 DEBUG org.dbunit.dataset.OrderedTableNameMap:127 - isLastTable(tableName=privilege) - start
08:54:27,398 DEBUG org.dbunit.dataset.OrderedTableNameMap:253 - getTableName(tableName=privilege) - start
08:54:27,399 DEBUG org.dbunit.dataset.OrderedTableNameMap:264 - getTableName(tableName=privilege) - end - result=PRIVILEGE
08:54:27,399 DEBUG org.dbunit.dataset.xml.FlatXmlProducer:184 - createTableMetaData(tableName=privilege, attributes=com.sun.org.apache.xerces.internal.parsers.AbstractSAXParser$AttributesProxy@b05661) - start
08:54:27,400 DEBUG org.dbunit.dataset.Columns:71 - getColumns(columnNames=[], columns=[(uuid, UNKNOWN, nullableUnknown), (privilege, UNKNOWN, nullableUnknown)]) - start
08:54:27,400 DEBUG org.dbunit.dataset.OrderedTableNameMap:191 - add(tableName=privilege, object=tableName=privilege, columns=[(uuid, UNKNOWN, nullableUnknown), (privilege, UNKNOWN, nullableUnknown)], keys=[]) - start
08:54:27,401 DEBUG org.dbunit.dataset.OrderedTableNameMap:253 - getTableName(tableName=privilege) - start
08:54:27,401 DEBUG org.dbunit.dataset.OrderedTableNameMap:264 - getTableName(tableName=privilege) - end - result=PRIVILEGE
08:54:27,401 DEBUG org.dbunit.dataset.OrderedTableNameMap:253 - getTableName(tableName=PRIVILEGE) - start
08:54:27,402 DEBUG org.dbunit.dataset.OrderedTableNameMap:264 - getTableName(tableName=PRIVILEGE) - end - result=PRIVILEGE
08:54:27,403 DEBUG org.dbunit.dataset.CachedDataSet:135 - startTable(metaData=tableName=privilege, columns=[(uuid, UNKNOWN, nullableUnknown), (privilege, UNKNOWN, nullableUnknown)], keys=[]) - start
08:54:27,407 DEBUG org.dbunit.dataset.OrderedTableNameMap:149 - getLastTableName() - start
08:54:27,407 DEBUG org.dbunit.dataset.OrderedTableNameMap:253 - getTableName(tableName=privilege) - start
08:54:27,408 DEBUG org.dbunit.dataset.OrderedTableNameMap:264 - getTableName(tableName=privilege) - end - result=PRIVILEGE
08:54:27,408 DEBUG org.dbunit.dataset.AbstractTableMetaData:101 - getColumnIndex(columnName=uuid) - start
08:54:27,409 DEBUG org.dbunit.dataset.AbstractTableMetaData:101 - getColumnIndex(columnName=privilege) - start
08:54:27,409 DEBUG org.dbunit.dataset.OrderedTableNameMap:149 - getLastTableName() - start
08:54:27,410 DEBUG org.dbunit.dataset.OrderedTableNameMap:253 - getTableName(tableName=privilege) - start
08:54:27,410 DEBUG org.dbunit.dataset.OrderedTableNameMap:264 - getTableName(tableName=privilege) - end - result=PRIVILEGE
08:54:27,410 DEBUG org.dbunit.dataset.CachedDataSet:159 - row(values=PRIVILEGE1) - start
08:54:27,411 DEBUG org.dbunit.dataset.DefaultTable:111 - addRow(values=PRIVILEGE1) - start
08:54:27,411 DEBUG org.dbunit.dataset.xml.FlatXmlProducer:486 - endElement(uri=, localName=, qName=privilege) - start
08:54:27,412 DEBUG org.dbunit.dataset.xml.FlatXmlProducer:414 - startElement(uri=, localName=, qName=role, attributes=com.sun.org.apache.xerces.internal.parsers.AbstractSAXParser$AttributesProxy@b05661) - start
08:54:27,412 DEBUG org.dbunit.dataset.OrderedTableNameMap:149 - getLastTableName() - start
08:54:27,413 DEBUG org.dbunit.dataset.OrderedTableNameMap:253 - getTableName(tableName=privilege) - start
08:54:27,413 DEBUG org.dbunit.dataset.OrderedTableNameMap:264 - getTableName(tableName=privilege) - end - result=PRIVILEGE
08:54:27,414 DEBUG org.dbunit.dataset.OrderedTableNameMap:127 - isLastTable(tableName=role) - start
08:54:27,414 DEBUG org.dbunit.dataset.OrderedTableNameMap:149 - getLastTableName() - start
08:54:27,415 DEBUG org.dbunit.dataset.OrderedTableNameMap:253 - getTableName(tableName=privilege) - start
08:54:27,415 DEBUG org.dbunit.dataset.OrderedTableNameMap:264 - getTableName(tableName=privilege) - end - result=PRIVILEGE
08:54:27,416 DEBUG org.dbunit.dataset.OrderedTableNameMap:253 - getTableName(tableName=role) - start
08:54:27,416 DEBUG org.dbunit.dataset.OrderedTableNameMap:264 - getTableName(tableName=role) - end - result=ROLE
08:54:27,416 DEBUG org.dbunit.dataset.CachedDataSet:141 - endTable() - start
08:54:27,417 DEBUG org.dbunit.dataset.OrderedTableNameMap:253 - getTableName(tableName=privilege) - start
08:54:27,417 DEBUG org.dbunit.dataset.OrderedTableNameMap:264 - getTableName(tableName=privilege) - end - result=PRIVILEGE
08:54:27,418 DEBUG org.dbunit.dataset.OrderedTableNameMap:191 - add(tableName=privilege, object=org.dbunit.dataset.DefaultTable[_metaData=tableName=privilege, columns=[(uuid, UNKNOWN, nullableUnknown), (privilege, UNKNOWN, nullableUnknown)], keys=[], _rowList.size()=1]) - start
08:54:27,418 DEBUG org.dbunit.dataset.OrderedTableNameMap:253 - getTableName(tableName=privilege) - start
08:54:27,419 DEBUG org.dbunit.dataset.OrderedTableNameMap:264 - getTableName(tableName=privilege) - end - result=PRIVILEGE
08:54:27,419 DEBUG org.dbunit.dataset.OrderedTableNameMap:253 - getTableName(tableName=PRIVILEGE) - start
08:54:27,420 DEBUG org.dbunit.dataset.OrderedTableNameMap:264 - getTableName(tableName=PRIVILEGE) - end - result=PRIVILEGE
08:54:27,420 DEBUG org.dbunit.dataset.OrderedTableNameMap:253 - getTableName(tableName=role) - start
08:54:27,421 DEBUG org.dbunit.dataset.OrderedTableNameMap:264 - getTableName(tableName=role) - end - result=ROLE
08:54:27,421 DEBUG org.dbunit.dataset.xml.FlatXmlProducer:184 - createTableMetaData(tableName=role, attributes=com.sun.org.apache.xerces.internal.parsers.AbstractSAXParser$AttributesProxy@b05661) - start
08:54:27,422 DEBUG org.dbunit.dataset.Columns:71 - getColumns(columnNames=[], columns=[(uuid, UNKNOWN, nullableUnknown), (name, UNKNOWN, nullableUnknown), (description, UNKNOWN, nullableUnknown), (deleted, UNKNOWN, nullableUnknown)]) - start
08:54:27,422 DEBUG org.dbunit.dataset.OrderedTableNameMap:191 - add(tableName=role, object=tableName=role, columns=[(uuid, UNKNOWN, nullableUnknown), (name, UNKNOWN, nullableUnknown), (description, UNKNOWN, nullableUnknown), (deleted, UNKNOWN, nullableUnknown)], keys=[]) - start
08:54:27,423 DEBUG org.dbunit.dataset.OrderedTableNameMap:253 - getTableName(tableName=role) - start
08:54:27,423 DEBUG org.dbunit.dataset.OrderedTableNameMap:264 - getTableName(tableName=role) - end - result=ROLE
08:54:27,423 DEBUG org.dbunit.dataset.OrderedTableNameMap:253 - getTableName(tableName=ROLE) - start
08:54:27,424 DEBUG org.dbunit.dataset.OrderedTableNameMap:264 - getTableName(tableName=ROLE) - end - result=ROLE
08:54:27,424 DEBUG org.dbunit.dataset.CachedDataSet:135 - startTable(metaData=tableName=role, columns=[(uuid, UNKNOWN, nullableUnknown), (name, UNKNOWN, nullableUnknown), (description, UNKNOWN, nullableUnknown), (deleted, UNKNOWN, nullableUnknown)], keys=[]) - start
08:54:27,425 DEBUG org.dbunit.dataset.OrderedTableNameMap:149 - getLastTableName() - start
08:54:27,425 DEBUG org.dbunit.dataset.OrderedTableNameMap:253 - getTableName(tableName=role) - start
08:54:27,426 DEBUG org.dbunit.dataset.OrderedTableNameMap:264 - getTableName(tableName=role) - end - result=ROLE
08:54:27,426 DEBUG org.dbunit.dataset.AbstractTableMetaData:101 - getColumnIndex(columnName=uuid) - start
08:54:27,427 DEBUG org.dbunit.dataset.AbstractTableMetaData:101 - getColumnIndex(columnName=name) - start
08:54:27,427 DEBUG org.dbunit.dataset.AbstractTableMetaData:101 - getColumnIndex(columnName=description) - start
08:54:27,428 DEBUG org.dbunit.dataset.AbstractTableMetaData:101 - getColumnIndex(columnName=deleted) - start
08:54:27,428 DEBUG org.dbunit.dataset.OrderedTableNameMap:149 - getLastTableName() - start
08:54:27,429 DEBUG org.dbunit.dataset.OrderedTableNameMap:253 - getTableName(tableName=role) - start
08:54:27,429 DEBUG org.dbunit.dataset.OrderedTableNameMap:264 - getTableName(tableName=role) - end - result=ROLE
08:54:27,429 DEBUG org.dbunit.dataset.CachedDataSet:159 - row(values=ROLE1) - start
08:54:27,430 DEBUG org.dbunit.dataset.DefaultTable:111 - addRow(values=ROLE1) - start
08:54:27,430 DEBUG org.dbunit.dataset.xml.FlatXmlProducer:486 - endElement(uri=, localName=, qName=role) - start
08:54:27,431 DEBUG org.dbunit.dataset.xml.FlatXmlProducer:414 - startElement(uri=, localName=, qName=role_privileges, attributes=com.sun.org.apache.xerces.internal.parsers.AbstractSAXParser$AttributesProxy@b05661) - start
08:54:27,431 DEBUG org.dbunit.dataset.OrderedTableNameMap:149 - getLastTableName() - start
08:54:27,432 DEBUG org.dbunit.dataset.OrderedTableNameMap:253 - getTableName(tableName=role) - start
08:54:27,432 DEBUG org.dbunit.dataset.OrderedTableNameMap:264 - getTableName(tableName=role) - end - result=ROLE
08:54:27,433 DEBUG org.dbunit.dataset.OrderedTableNameMap:127 - isLastTable(tableName=role_privileges) - start
08:54:27,433 DEBUG org.dbunit.dataset.OrderedTableNameMap:149 - getLastTableName() - start
08:54:27,434 DEBUG org.dbunit.dataset.OrderedTableNameMap:253 - getTableName(tableName=role) - start
08:54:27,434 DEBUG org.dbunit.dataset.OrderedTableNameMap:264 - getTableName(tableName=role) - end - result=ROLE
08:54:27,435 DEBUG org.dbunit.dataset.OrderedTableNameMap:253 - getTableName(tableName=role_privileges) - start
08:54:27,435 DEBUG org.dbunit.dataset.OrderedTableNameMap:264 - getTableName(tableName=role_privileges) - end - result=ROLE_PRIVILEGES
08:54:27,435 DEBUG org.dbunit.dataset.CachedDataSet:141 - endTable() - start
08:54:27,436 DEBUG org.dbunit.dataset.OrderedTableNameMap:253 - getTableName(tableName=role) - start
08:54:27,436 DEBUG org.dbunit.dataset.OrderedTableNameMap:264 - getTableName(tableName=role) - end - result=ROLE
08:54:27,437 DEBUG org.dbunit.dataset.OrderedTableNameMap:191 - add(tableName=role, object=org.dbunit.dataset.DefaultTable[_metaData=tableName=role, columns=[(uuid, UNKNOWN, nullableUnknown), (name, UNKNOWN, nullableUnknown), (description, UNKNOWN, nullableUnknown), (deleted, UNKNOWN, nullableUnknown)], keys=[], _rowList.size()=1]) - start
08:54:27,437 DEBUG org.dbunit.dataset.OrderedTableNameMap:253 - getTableName(tableName=role) - start
08:54:27,438 DEBUG org.dbunit.dataset.OrderedTableNameMap:264 - getTableName(tableName=role) - end - result=ROLE
08:54:27,438 DEBUG org.dbunit.dataset.OrderedTableNameMap:253 - getTableName(tableName=ROLE) - start
08:54:27,439 DEBUG org.dbunit.dataset.OrderedTableNameMap:264 - getTableName(tableName=ROLE) - end - result=ROLE
08:54:27,439 DEBUG org.dbunit.dataset.OrderedTableNameMap:253 - getTableName(tableName=role_privileges) - start
08:54:27,440 DEBUG org.dbunit.dataset.OrderedTableNameMap:264 - getTableName(tableName=role_privileges) - end - result=ROLE_PRIVILEGES
08:54:27,440 DEBUG org.dbunit.dataset.xml.FlatXmlProducer:184 - createTableMetaData(tableName=role_privileges, attributes=com.sun.org.apache.xerces.internal.parsers.AbstractSAXParser$AttributesProxy@b05661) - start
08:54:27,441 DEBUG org.dbunit.dataset.Columns:71 - getColumns(columnNames=[], columns=[(role_uuid, UNKNOWN, nullableUnknown), (privilege_uuid, UNKNOWN, nullableUnknown)]) - start
08:54:27,441 DEBUG org.dbunit.dataset.OrderedTableNameMap:191 - add(tableName=role_privileges, object=tableName=role_privileges, columns=[(role_uuid, UNKNOWN, nullableUnknown), (privilege_uuid, UNKNOWN, nullableUnknown)], keys=[]) - start
08:54:27,442 DEBUG org.dbunit.dataset.OrderedTableNameMap:253 - getTableName(tableName=role_privileges) - start
08:54:27,442 DEBUG org.dbunit.dataset.OrderedTableNameMap:264 - getTableName(tableName=role_privileges) - end - result=ROLE_PRIVILEGES
08:54:27,443 DEBUG org.dbunit.dataset.OrderedTableNameMap:253 - getTableName(tableName=ROLE_PRIVILEGES) - start
08:54:27,443 DEBUG org.dbunit.dataset.OrderedTableNameMap:264 - getTableName(tableName=ROLE_PRIVILEGES) - end - result=ROLE_PRIVILEGES
08:54:27,444 DEBUG org.dbunit.dataset.CachedDataSet:135 - startTable(metaData=tableName=role_privileges, columns=[(role_uuid, UNKNOWN, nullableUnknown), (privilege_uuid, UNKNOWN, nullableUnknown)], keys=[]) - start
08:54:27,444 DEBUG org.dbunit.dataset.OrderedTableNameMap:149 - getLastTableName() - start
08:54:27,445 DEBUG org.dbunit.dataset.OrderedTableNameMap:253 - getTableName(tableName=role_privileges) - start
08:54:27,445 DEBUG org.dbunit.dataset.OrderedTableNameMap:264 - getTableName(tableName=role_privileges) - end - result=ROLE_PRIVILEGES
08:54:27,446 DEBUG org.dbunit.dataset.AbstractTableMetaData:101 - getColumnIndex(columnName=role_uuid) - start
08:54:27,446 DEBUG org.dbunit.dataset.AbstractTableMetaData:101 - getColumnIndex(columnName=privilege_uuid) - start
08:54:27,446 DEBUG org.dbunit.dataset.OrderedTableNameMap:149 - getLastTableName() - start
08:54:27,447 DEBUG org.dbunit.dataset.OrderedTableNameMap:253 - getTableName(tableName=role_privileges) - start
08:54:27,447 DEBUG org.dbunit.dataset.OrderedTableNameMap:264 - getTableName(tableName=role_privileges) - end - result=ROLE_PRIVILEGES
08:54:27,448 DEBUG org.dbunit.dataset.CachedDataSet:159 - row(values=ROLE1) - start
08:54:27,448 DEBUG org.dbunit.dataset.DefaultTable:111 - addRow(values=ROLE1) - start
08:54:27,449 DEBUG org.dbunit.dataset.xml.FlatXmlProducer:486 - endElement(uri=, localName=, qName=role_privileges) - start
08:54:27,449 DEBUG org.dbunit.dataset.xml.FlatXmlProducer:414 - startElement(uri=, localName=, qName=user, attributes=com.sun.org.apache.xerces.internal.parsers.AbstractSAXParser$AttributesProxy@b05661) - start
08:54:27,450 DEBUG org.dbunit.dataset.OrderedTableNameMap:149 - getLastTableName() - start
08:54:27,450 DEBUG org.dbunit.dataset.OrderedTableNameMap:253 - getTableName(tableName=role_privileges) - start
08:54:27,450 DEBUG org.dbunit.dataset.OrderedTableNameMap:264 - getTableName(tableName=role_privileges) - end - result=ROLE_PRIVILEGES
08:54:27,451 DEBUG org.dbunit.dataset.OrderedTableNameMap:127 - isLastTable(tableName=user) - start
08:54:27,451 DEBUG org.dbunit.dataset.OrderedTableNameMap:149 - getLastTableName() - start
08:54:27,452 DEBUG org.dbunit.dataset.OrderedTableNameMap:253 - getTableName(tableName=role_privileges) - start
08:54:27,452 DEBUG org.dbunit.dataset.OrderedTableNameMap:264 - getTableName(tableName=role_privileges) - end - result=ROLE_PRIVILEGES
08:54:27,453 DEBUG org.dbunit.dataset.OrderedTableNameMap:253 - getTableName(tableName=user) - start
08:54:27,453 DEBUG org.dbunit.dataset.OrderedTableNameMap:264 - getTableName(tableName=user) - end - result=USER
08:54:27,453 DEBUG org.dbunit.dataset.CachedDataSet:141 - endTable() - start
08:54:27,454 DEBUG org.dbunit.dataset.OrderedTableNameMap:253 - getTableName(tableName=role_privileges) - start
08:54:27,454 DEBUG org.dbunit.dataset.OrderedTableNameMap:264 - getTableName(tableName=role_privileges) - end - result=ROLE_PRIVILEGES
08:54:27,455 DEBUG org.dbunit.dataset.OrderedTableNameMap:191 - add(tableName=role_privileges, object=org.dbunit.dataset.DefaultTable[_metaData=tableName=role_privileges, columns=[(role_uuid, UNKNOWN, nullableUnknown), (privilege_uuid, UNKNOWN, nullableUnknown)], keys=[], _rowList.size()=1]) - start
08:54:27,456 DEBUG org.dbunit.dataset.OrderedTableNameMap:253 - getTableName(tableName=role_privileges) - start
08:54:27,456 DEBUG org.dbunit.dataset.OrderedTableNameMap:264 - getTableName(tableName=role_privileges) - end - result=ROLE_PRIVILEGES
08:54:27,457 DEBUG org.dbunit.dataset.OrderedTableNameMap:253 - getTableName(tableName=ROLE_PRIVILEGES) - start
08:54:27,457 DEBUG org.dbunit.dataset.OrderedTableNameMap:264 - getTableName(tableName=ROLE_PRIVILEGES) - end - result=ROLE_PRIVILEGES
08:54:27,458 DEBUG org.dbunit.dataset.OrderedTableNameMap:253 - getTableName(tableName=user) - start
08:54:27,458 DEBUG org.dbunit.dataset.OrderedTableNameMap:264 - getTableName(tableName=user) - end - result=USER
08:54:27,458 DEBUG org.dbunit.dataset.xml.FlatXmlProducer:184 - createTableMetaData(tableName=user, attributes=com.sun.org.apache.xerces.internal.parsers.AbstractSAXParser$AttributesProxy@b05661) - start
08:54:27,459 DEBUG org.dbunit.dataset.Columns:71 - getColumns(columnNames=[], columns=[(uuid, UNKNOWN, nullableUnknown), (firstName, UNKNOWN, nullableUnknown), (lastName, UNKNOWN, nullableUnknown), (fullName, UNKNOWN, nullableUnknown), (description, UNKNOWN, nullableUnknown), (username, UNKNOWN, nullableUnknown), (password, UNKNOWN, nullableUnknown), (lastLoginTime, UNKNOWN, nullableUnknown), (deleted, UNKNOWN, nullableUnknown)]) - start
08:54:27,459 DEBUG org.dbunit.dataset.OrderedTableNameMap:191 - add(tableName=user, object=tableName=user, columns=[(uuid, UNKNOWN, nullableUnknown), (firstName, UNKNOWN, nullableUnknown), (lastName, UNKNOWN, nullableUnknown), (fullName, UNKNOWN, nullableUnknown), (description, UNKNOWN, nullableUnknown), (username, UNKNOWN, nullableUnknown), (password, UNKNOWN, nullableUnknown), (lastLoginTime, UNKNOWN, nullableUnknown), (deleted, UNKNOWN, nullableUnknown)], keys=[]) - start
08:54:27,460 DEBUG org.dbunit.dataset.OrderedTableNameMap:253 - getTableName(tableName=user) - start
08:54:27,460 DEBUG org.dbunit.dataset.OrderedTableNameMap:264 - getTableName(tableName=user) - end - result=USER
08:54:27,461 DEBUG org.dbunit.dataset.OrderedTableNameMap:253 - getTableName(tableName=USER) - start
08:54:27,465 DEBUG org.dbunit.dataset.OrderedTableNameMap:264 - getTableName(tableName=USER) - end - result=USER
08:54:27,465 DEBUG org.dbunit.dataset.CachedDataSet:135 - startTable(metaData=tableName=user, columns=[(uuid, UNKNOWN, nullableUnknown), (firstName, UNKNOWN, nullableUnknown), (lastName, UNKNOWN, nullableUnknown), (fullName, UNKNOWN, nullableUnknown), (description, UNKNOWN, nullableUnknown), (username, UNKNOWN, nullableUnknown), (password, UNKNOWN, nullableUnknown), (lastLoginTime, UNKNOWN, nullableUnknown), (deleted, UNKNOWN, nullableUnknown)], keys=[]) - start
08:54:27,466 DEBUG org.dbunit.dataset.OrderedTableNameMap:149 - getLastTableName() - start
08:54:27,466 DEBUG org.dbunit.dataset.OrderedTableNameMap:253 - getTableName(tableName=user) - start
08:54:27,467 DEBUG org.dbunit.dataset.OrderedTableNameMap:264 - getTableName(tableName=user) - end - result=USER
08:54:27,467 DEBUG org.dbunit.dataset.AbstractTableMetaData:101 - getColumnIndex(columnName=uuid) - start
08:54:27,468 DEBUG org.dbunit.dataset.AbstractTableMetaData:101 - getColumnIndex(columnName=firstName) - start
08:54:27,469 DEBUG org.dbunit.dataset.AbstractTableMetaData:101 - getColumnIndex(columnName=lastName) - start
08:54:27,470 DEBUG org.dbunit.dataset.AbstractTableMetaData:101 - getColumnIndex(columnName=fullName) - start
08:54:27,470 DEBUG org.dbunit.dataset.AbstractTableMetaData:101 - getColumnIndex(columnName=description) - start
08:54:27,470 DEBUG org.dbunit.dataset.AbstractTableMetaData:101 - getColumnIndex(columnName=username) - start
08:54:27,471 DEBUG org.dbunit.dataset.AbstractTableMetaData:101 - getColumnIndex(columnName=password) - start
08:54:27,471 DEBUG org.dbunit.dataset.AbstractTableMetaData:101 - getColumnIndex(columnName=lastLoginTime) - start
08:54:27,472 DEBUG org.dbunit.dataset.AbstractTableMetaData:101 - getColumnIndex(columnName=deleted) - start
08:54:27,472 DEBUG org.dbunit.dataset.OrderedTableNameMap:149 - getLastTableName() - start
08:54:27,473 DEBUG org.dbunit.dataset.OrderedTableNameMap:253 - getTableName(tableName=user) - start
08:54:27,473 DEBUG org.dbunit.dataset.OrderedTableNameMap:264 - getTableName(tableName=user) - end - result=USER
08:54:27,474 DEBUG org.dbunit.dataset.CachedDataSet:159 - row(values=User 1) - start
08:54:27,474 DEBUG org.dbunit.dataset.DefaultTable:111 - addRow(values=User 1) - start
08:54:27,475 DEBUG org.dbunit.dataset.xml.FlatXmlProducer:486 - endElement(uri=, localName=, qName=user) - start
08:54:27,475 DEBUG org.dbunit.dataset.xml.FlatXmlProducer:414 - startElement(uri=, localName=, qName=user_roles, attributes=com.sun.org.apache.xerces.internal.parsers.AbstractSAXParser$AttributesProxy@b05661) - start
08:54:27,476 DEBUG org.dbunit.dataset.OrderedTableNameMap:149 - getLastTableName() - start
08:54:27,476 DEBUG org.dbunit.dataset.OrderedTableNameMap:253 - getTableName(tableName=user) - start
08:54:27,477 DEBUG org.dbunit.dataset.OrderedTableNameMap:264 - getTableName(tableName=user) - end - result=USER
08:54:27,477 DEBUG org.dbunit.dataset.OrderedTableNameMap:127 - isLastTable(tableName=user_roles) - start
08:54:27,478 DEBUG org.dbunit.dataset.OrderedTableNameMap:149 - getLastTableName() - start
08:54:27,478 DEBUG org.dbunit.dataset.OrderedTableNameMap:253 - getTableName(tableName=user) - start
08:54:27,479 DEBUG org.dbunit.dataset.OrderedTableNameMap:264 - getTableName(tableName=user) - end - result=USER
08:54:27,479 DEBUG org.dbunit.dataset.OrderedTableNameMap:253 - getTableName(tableName=user_roles) - start
08:54:27,479 DEBUG org.dbunit.dataset.OrderedTableNameMap:264 - getTableName(tableName=user_roles) - end - result=USER_ROLES
08:54:27,480 DEBUG org.dbunit.dataset.CachedDataSet:141 - endTable() - start
08:54:27,480 DEBUG org.dbunit.dataset.OrderedTableNameMap:253 - getTableName(tableName=user) - start
08:54:27,481 DEBUG org.dbunit.dataset.OrderedTableNameMap:264 - getTableName(tableName=user) - end - result=USER
08:54:27,481 DEBUG org.dbunit.dataset.OrderedTableNameMap:191 - add(tableName=user, object=org.dbunit.dataset.DefaultTable[_metaData=tableName=user, columns=[(uuid, UNKNOWN, nullableUnknown), (firstName, UNKNOWN, nullableUnknown), (lastName, UNKNOWN, nullableUnknown), (fullName, UNKNOWN, nullableUnknown), (description, UNKNOWN, nullableUnknown), (username, UNKNOWN, nullableUnknown), (password, UNKNOWN, nullableUnknown), (lastLoginTime, UNKNOWN, nullableUnknown), (deleted, UNKNOWN, nullableUnknown)], keys=[], _rowList.size()=1]) - start
08:54:27,482 DEBUG org.dbunit.dataset.OrderedTableNameMap:253 - getTableName(tableName=user) - start
08:54:27,483 DEBUG org.dbunit.dataset.OrderedTableNameMap:264 - getTableName(tableName=user) - end - result=USER
08:54:27,484 DEBUG org.dbunit.dataset.OrderedTableNameMap:253 - getTableName(tableName=USER) - start
08:54:27,484 DEBUG org.dbunit.dataset.OrderedTableNameMap:264 - getTableName(tableName=USER) - end - result=USER
08:54:27,485 DEBUG org.dbunit.dataset.OrderedTableNameMap:253 - getTableName(tableName=user_roles) - start
08:54:27,485 DEBUG org.dbunit.dataset.OrderedTableNameMap:264 - getTableName(tableName=user_roles) - end - result=USER_ROLES
08:54:27,485 DEBUG org.dbunit.dataset.xml.FlatXmlProducer:184 - createTableMetaData(tableName=user_roles, attributes=com.sun.org.apache.xerces.internal.parsers.AbstractSAXParser$AttributesProxy@b05661) - start
08:54:27,486 DEBUG org.dbunit.dataset.Columns:71 - getColumns(columnNames=[], columns=[(user_uuid, UNKNOWN, nullableUnknown), (role_uuid, UNKNOWN, nullableUnknown)]) - start
08:54:27,486 DEBUG org.dbunit.dataset.OrderedTableNameMap:191 - add(tableName=user_roles, object=tableName=user_roles, columns=[(user_uuid, UNKNOWN, nullableUnknown), (role_uuid, UNKNOWN, nullableUnknown)], keys=[]) - start
08:54:27,487 DEBUG org.dbunit.dataset.OrderedTableNameMap:253 - getTableName(tableName=user_roles) - start
08:54:27,487 DEBUG org.dbunit.dataset.OrderedTableNameMap:264 - getTableName(tableName=user_roles) - end - result=USER_ROLES
08:54:27,488 DEBUG org.dbunit.dataset.OrderedTableNameMap:253 - getTableName(tableName=USER_ROLES) - start
08:54:27,488 DEBUG org.dbunit.dataset.OrderedTableNameMap:264 - getTableName(tableName=USER_ROLES) - end - result=USER_ROLES
08:54:27,489 DEBUG org.dbunit.dataset.CachedDataSet:135 - startTable(metaData=tableName=user_roles, columns=[(user_uuid, UNKNOWN, nullableUnknown), (role_uuid, UNKNOWN, nullableUnknown)], keys=[]) - start
08:54:27,489 DEBUG org.dbunit.dataset.OrderedTableNameMap:149 - getLastTableName() - start
08:54:27,489 DEBUG org.dbunit.dataset.OrderedTableNameMap:253 - getTableName(tableName=user_roles) - start
08:54:27,490 DEBUG org.dbunit.dataset.OrderedTableNameMap:264 - getTableName(tableName=user_roles) - end - result=USER_ROLES
08:54:27,490 DEBUG org.dbunit.dataset.AbstractTableMetaData:101 - getColumnIndex(columnName=user_uuid) - start
08:54:27,491 DEBUG org.dbunit.dataset.AbstractTableMetaData:101 - getColumnIndex(columnName=role_uuid) - start
08:54:27,491 DEBUG org.dbunit.dataset.OrderedTableNameMap:149 - getLastTableName() - start
08:54:27,492 DEBUG org.dbunit.dataset.OrderedTableNameMap:253 - getTableName(tableName=user_roles) - start
08:54:27,492 DEBUG org.dbunit.dataset.OrderedTableNameMap:264 - getTableName(tableName=user_roles) - end - result=USER_ROLES
08:54:27,493 DEBUG org.dbunit.dataset.CachedDataSet:159 - row(values=User 1) - start
08:54:27,493 DEBUG org.dbunit.dataset.DefaultTable:111 - addRow(values=User 1) - start
08:54:27,493 DEBUG org.dbunit.dataset.xml.FlatXmlProducer:486 - endElement(uri=, localName=, qName=user_roles) - start
08:54:27,494 DEBUG org.dbunit.dataset.xml.FlatXmlProducer:414 - startElement(uri=, localName=, qName=locationhierarchylevel, attributes=com.sun.org.apache.xerces.internal.parsers.AbstractSAXParser$AttributesProxy@b05661) - start
08:54:27,494 DEBUG org.dbunit.dataset.OrderedTableNameMap:149 - getLastTableName() - start
08:54:27,495 DEBUG org.dbunit.dataset.OrderedTableNameMap:253 - getTableName(tableName=user_roles) - start
08:54:27,495 DEBUG org.dbunit.dataset.OrderedTableNameMap:264 - getTableName(tableName=user_roles) - end - result=USER_ROLES
08:54:27,499 DEBUG org.dbunit.dataset.OrderedTableNameMap:127 - isLastTable(tableName=locationhierarchylevel) - start
08:54:27,499 DEBUG org.dbunit.dataset.OrderedTableNameMap:149 - getLastTableName() - start
08:54:27,500 DEBUG org.dbunit.dataset.OrderedTableNameMap:253 - getTableName(tableName=user_roles) - start
08:54:27,500 DEBUG org.dbunit.dataset.OrderedTableNameMap:264 - getTableName(tableName=user_roles) - end - result=USER_ROLES
08:54:27,500 DEBUG org.dbunit.dataset.OrderedTableNameMap:253 - getTableName(tableName=locationhierarchylevel) - start
08:54:27,501 DEBUG org.dbunit.dataset.OrderedTableNameMap:264 - getTableName(tableName=locationhierarchylevel) - end - result=LOCATIONHIERARCHYLEVEL
08:54:27,501 DEBUG org.dbunit.dataset.CachedDataSet:141 - endTable() - start
08:54:27,502 DEBUG org.dbunit.dataset.OrderedTableNameMap:253 - getTableName(tableName=user_roles) - start
08:54:27,502 DEBUG org.dbunit.dataset.OrderedTableNameMap:264 - getTableName(tableName=user_roles) - end - result=USER_ROLES
08:54:27,503 DEBUG org.dbunit.dataset.OrderedTableNameMap:191 - add(tableName=user_roles, object=org.dbunit.dataset.DefaultTable[_metaData=tableName=user_roles, columns=[(user_uuid, UNKNOWN, nullableUnknown), (role_uuid, UNKNOWN, nullableUnknown)], keys=[], _rowList.size()=1]) - start
08:54:27,503 DEBUG org.dbunit.dataset.OrderedTableNameMap:253 - getTableName(tableName=user_roles) - start
08:54:27,503 DEBUG org.dbunit.dataset.OrderedTableNameMap:264 - getTableName(tableName=user_roles) - end - result=USER_ROLES
08:54:27,504 DEBUG org.dbunit.dataset.OrderedTableNameMap:253 - getTableName(tableName=USER_ROLES) - start
08:54:27,504 DEBUG org.dbunit.dataset.OrderedTableNameMap:264 - getTableName(tableName=USER_ROLES) - end - result=USER_ROLES
08:54:27,505 DEBUG org.dbunit.dataset.OrderedTableNameMap:253 - getTableName(tableName=locationhierarchylevel) - start
08:54:27,505 DEBUG org.dbunit.dataset.OrderedTableNameMap:264 - getTableName(tableName=locationhierarchylevel) - end - result=LOCATIONHIERARCHYLEVEL
08:54:27,506 DEBUG org.dbunit.dataset.xml.FlatXmlProducer:184 - createTableMetaData(tableName=locationhierarchylevel, attributes=com.sun.org.apache.xerces.internal.parsers.AbstractSAXParser$AttributesProxy@b05661) - start
08:54:27,506 DEBUG org.dbunit.dataset.Columns:71 - getColumns(columnNames=[], columns=[(uuid, UNKNOWN, nullableUnknown), (keyIdentifier, UNKNOWN, nullableUnknown), (name, UNKNOWN, nullableUnknown)]) - start
08:54:27,506 DEBUG org.dbunit.dataset.OrderedTableNameMap:191 - add(tableName=locationhierarchylevel, object=tableName=locationhierarchylevel, columns=[(uuid, UNKNOWN, nullableUnknown), (keyIdentifier, UNKNOWN, nullableUnknown), (name, UNKNOWN, nullableUnknown)], keys=[]) - start
08:54:27,507 DEBUG org.dbunit.dataset.OrderedTableNameMap:253 - getTableName(tableName=locationhierarchylevel) - start
08:54:27,507 DEBUG org.dbunit.dataset.OrderedTableNameMap:264 - getTableName(tableName=locationhierarchylevel) - end - result=LOCATIONHIERARCHYLEVEL
08:54:27,508 DEBUG org.dbunit.dataset.OrderedTableNameMap:253 - getTableName(tableName=LOCATIONHIERARCHYLEVEL) - start
08:54:27,508 DEBUG org.dbunit.dataset.OrderedTableNameMap:264 - getTableName(tableName=LOCATIONHIERARCHYLEVEL) - end - result=LOCATIONHIERARCHYLEVEL
08:54:27,509 DEBUG org.dbunit.dataset.CachedDataSet:135 - startTable(metaData=tableName=locationhierarchylevel, columns=[(uuid, UNKNOWN, nullableUnknown), (keyIdentifier, UNKNOWN, nullableUnknown), (name, UNKNOWN, nullableUnknown)], keys=[]) - start
08:54:27,509 DEBUG org.dbunit.dataset.OrderedTableNameMap:149 - getLastTableName() - start
08:54:27,510 DEBUG org.dbunit.dataset.OrderedTableNameMap:253 - getTableName(tableName=locationhierarchylevel) - start
08:54:27,510 DEBUG org.dbunit.dataset.OrderedTableNameMap:264 - getTableName(tableName=locationhierarchylevel) - end - result=LOCATIONHIERARCHYLEVEL
08:54:27,511 DEBUG org.dbunit.dataset.AbstractTableMetaData:101 - getColumnIndex(columnName=uuid) - start
08:54:27,511 DEBUG org.dbunit.dataset.AbstractTableMetaData:101 - getColumnIndex(columnName=keyIdentifier) - start
08:54:27,511 DEBUG org.dbunit.dataset.AbstractTableMetaData:101 - getColumnIndex(columnName=name) - start
08:54:27,512 DEBUG org.dbunit.dataset.OrderedTableNameMap:149 - getLastTableName() - start
08:54:27,512 DEBUG org.dbunit.dataset.OrderedTableNameMap:253 - getTableName(tableName=locationhierarchylevel) - start
08:54:27,513 DEBUG org.dbunit.dataset.OrderedTableNameMap:264 - getTableName(tableName=locationhierarchylevel) - end - result=LOCATIONHIERARCHYLEVEL
08:54:27,513 DEBUG org.dbunit.dataset.CachedDataSet:159 - row(values=HierarchyLevel1) - start
08:54:27,513 DEBUG org.dbunit.dataset.DefaultTable:111 - addRow(values=HierarchyLevel1) - start
08:54:27,514 DEBUG org.dbunit.dataset.xml.FlatXmlProducer:486 - endElement(uri=, localName=, qName=locationhierarchylevel) - start
08:54:27,515 DEBUG org.dbunit.dataset.xml.FlatXmlProducer:414 - startElement(uri=, localName=, qName=locationhierarchylevel, attributes=com.sun.org.apache.xerces.internal.parsers.AbstractSAXParser$AttributesProxy@b05661) - start
08:54:27,515 DEBUG org.dbunit.dataset.OrderedTableNameMap:149 - getLastTableName() - start
08:54:27,516 DEBUG org.dbunit.dataset.OrderedTableNameMap:253 - getTableName(tableName=locationhierarchylevel) - start
08:54:27,516 DEBUG org.dbunit.dataset.OrderedTableNameMap:264 - getTableName(tableName=locationhierarchylevel) - end - result=LOCATIONHIERARCHYLEVEL
08:54:27,517 DEBUG org.dbunit.dataset.OrderedTableNameMap:127 - isLastTable(tableName=locationhierarchylevel) - start
08:54:27,517 DEBUG org.dbunit.dataset.OrderedTableNameMap:149 - getLastTableName() - start
08:54:27,519 DEBUG org.dbunit.dataset.OrderedTableNameMap:253 - getTableName(tableName=locationhierarchylevel) - start
08:54:27,520 DEBUG org.dbunit.dataset.OrderedTableNameMap:264 - getTableName(tableName=locationhierarchylevel) - end - result=LOCATIONHIERARCHYLEVEL
08:54:27,520 DEBUG org.dbunit.dataset.OrderedTableNameMap:253 - getTableName(tableName=locationhierarchylevel) - start
08:54:27,521 DEBUG org.dbunit.dataset.OrderedTableNameMap:264 - getTableName(tableName=locationhierarchylevel) - end - result=LOCATIONHIERARCHYLEVEL
08:54:27,522 DEBUG org.dbunit.dataset.OrderedTableNameMap:149 - getLastTableName() - start
08:54:27,522 DEBUG org.dbunit.dataset.OrderedTableNameMap:253 - getTableName(tableName=locationhierarchylevel) - start
08:54:27,523 DEBUG org.dbunit.dataset.OrderedTableNameMap:264 - getTableName(tableName=locationhierarchylevel) - end - result=LOCATIONHIERARCHYLEVEL
08:54:27,524 DEBUG org.dbunit.dataset.AbstractTableMetaData:101 - getColumnIndex(columnName=uuid) - start
08:54:27,524 DEBUG org.dbunit.dataset.AbstractTableMetaData:101 - getColumnIndex(columnName=keyIdentifier) - start
08:54:27,525 DEBUG org.dbunit.dataset.AbstractTableMetaData:101 - getColumnIndex(columnName=name) - start
08:54:27,526 DEBUG org.dbunit.dataset.OrderedTableNameMap:149 - getLastTableName() - start
08:54:27,526 DEBUG org.dbunit.dataset.OrderedTableNameMap:253 - getTableName(tableName=locationhierarchylevel) - start
08:54:27,531 DEBUG org.dbunit.dataset.OrderedTableNameMap:264 - getTableName(tableName=locationhierarchylevel) - end - result=LOCATIONHIERARCHYLEVEL
08:54:27,531 DEBUG org.dbunit.dataset.CachedDataSet:159 - row(values=HierarchyLevel2) - start
08:54:27,532 DEBUG org.dbunit.dataset.DefaultTable:111 - addRow(values=HierarchyLevel2) - start
08:54:27,533 DEBUG org.dbunit.dataset.xml.FlatXmlProducer:486 - endElement(uri=, localName=, qName=locationhierarchylevel) - start
08:54:27,533 DEBUG org.dbunit.dataset.xml.FlatXmlProducer:414 - startElement(uri=, localName=, qName=locationhierarchylevel, attributes=com.sun.org.apache.xerces.internal.parsers.AbstractSAXParser$AttributesProxy@b05661) - start
08:54:27,534 DEBUG org.dbunit.dataset.OrderedTableNameMap:149 - getLastTableName() - start
08:54:27,534 DEBUG org.dbunit.dataset.OrderedTableNameMap:253 - getTableName(tableName=locationhierarchylevel) - start
08:54:27,535 DEBUG org.dbunit.dataset.OrderedTableNameMap:264 - getTableName(tableName=locationhierarchylevel) - end - result=LOCATIONHIERARCHYLEVEL
08:54:27,535 DEBUG org.dbunit.dataset.OrderedTableNameMap:127 - isLastTable(tableName=locationhierarchylevel) - start
08:54:27,536 DEBUG org.dbunit.dataset.OrderedTableNameMap:149 - getLastTableName() - start
08:54:27,537 DEBUG org.dbunit.dataset.OrderedTableNameMap:253 - getTableName(tableName=locationhierarchylevel) - start
08:54:27,537 DEBUG org.dbunit.dataset.OrderedTableNameMap:264 - getTableName(tableName=locationhierarchylevel) - end - result=LOCATIONHIERARCHYLEVEL
08:54:27,538 DEBUG org.dbunit.dataset.OrderedTableNameMap:253 - getTableName(tableName=locationhierarchylevel) - start
08:54:27,538 DEBUG org.dbunit.dataset.OrderedTableNameMap:264 - getTableName(tableName=locationhierarchylevel) - end - result=LOCATIONHIERARCHYLEVEL
08:54:27,539 DEBUG org.dbunit.dataset.OrderedTableNameMap:149 - getLastTableName() - start
08:54:27,539 DEBUG org.dbunit.dataset.OrderedTableNameMap:253 - getTableName(tableName=locationhierarchylevel) - start
08:54:27,540 DEBUG org.dbunit.dataset.OrderedTableNameMap:264 - getTableName(tableName=locationhierarchylevel) - end - result=LOCATIONHIERARCHYLEVEL
08:54:27,541 DEBUG org.dbunit.dataset.AbstractTableMetaData:101 - getColumnIndex(columnName=uuid) - start
08:54:27,541 DEBUG org.dbunit.dataset.AbstractTableMetaData:101 - getColumnIndex(columnName=keyIdentifier) - start
08:54:27,542 DEBUG org.dbunit.dataset.AbstractTableMetaData:101 - getColumnIndex(columnName=name) - start
08:54:27,542 DEBUG org.dbunit.dataset.OrderedTableNameMap:149 - getLastTableName() - start
08:54:27,543 DEBUG org.dbunit.dataset.OrderedTableNameMap:253 - getTableName(tableName=locationhierarchylevel) - start
08:54:27,543 DEBUG org.dbunit.dataset.OrderedTableNameMap:264 - getTableName(tableName=locationhierarchylevel) - end - result=LOCATIONHIERARCHYLEVEL
08:54:27,544 DEBUG org.dbunit.dataset.CachedDataSet:159 - row(values=HierarchyLevel3) - start
08:54:27,544 DEBUG org.dbunit.dataset.DefaultTable:111 - addRow(values=HierarchyLevel3) - start
08:54:27,545 DEBUG org.dbunit.dataset.xml.FlatXmlProducer:486 - endElement(uri=, localName=, qName=locationhierarchylevel) - start
08:54:27,545 DEBUG org.dbunit.dataset.xml.FlatXmlProducer:414 - startElement(uri=, localName=, qName=locationhierarchy, attributes=com.sun.org.apache.xerces.internal.parsers.AbstractSAXParser$AttributesProxy@b05661) - start
08:54:27,546 DEBUG org.dbunit.dataset.OrderedTableNameMap:149 - getLastTableName() - start
08:54:27,546 DEBUG org.dbunit.dataset.OrderedTableNameMap:253 - getTableName(tableName=locationhierarchylevel) - start
08:54:27,547 DEBUG org.dbunit.dataset.OrderedTableNameMap:264 - getTableName(tableName=locationhierarchylevel) - end - result=LOCATIONHIERARCHYLEVEL
08:54:27,547 DEBUG org.dbunit.dataset.OrderedTableNameMap:127 - isLastTable(tableName=locationhierarchy) - start
08:54:27,548 DEBUG org.dbunit.dataset.OrderedTableNameMap:149 - getLastTableName() - start
08:54:27,549 DEBUG org.dbunit.dataset.OrderedTableNameMap:253 - getTableName(tableName=locationhierarchylevel) - start
08:54:27,549 DEBUG org.dbunit.dataset.OrderedTableNameMap:264 - getTableName(tableName=locationhierarchylevel) - end - result=LOCATIONHIERARCHYLEVEL
08:54:27,550 DEBUG org.dbunit.dataset.OrderedTableNameMap:253 - getTableName(tableName=locationhierarchy) - start
08:54:27,550 DEBUG org.dbunit.dataset.OrderedTableNameMap:264 - getTableName(tableName=locationhierarchy) - end - result=LOCATIONHIERARCHY
08:54:27,551 DEBUG org.dbunit.dataset.CachedDataSet:141 - endTable() - start
08:54:27,551 DEBUG org.dbunit.dataset.OrderedTableNameMap:253 - getTableName(tableName=locationhierarchylevel) - start
08:54:27,552 DEBUG org.dbunit.dataset.OrderedTableNameMap:264 - getTableName(tableName=locationhierarchylevel) - end - result=LOCATIONHIERARCHYLEVEL
08:54:27,552 DEBUG org.dbunit.dataset.OrderedTableNameMap:191 - add(tableName=locationhierarchylevel, object=org.dbunit.dataset.DefaultTable[_metaData=tableName=locationhierarchylevel, columns=[(uuid, UNKNOWN, nullableUnknown), (keyIdentifier, UNKNOWN, nullableUnknown), (name, UNKNOWN, nullableUnknown)], keys=[], _rowList.size()=3]) - start
08:54:27,553 DEBUG org.dbunit.dataset.OrderedTableNameMap:253 - getTableName(tableName=locationhierarchylevel) - start
08:54:27,553 DEBUG org.dbunit.dataset.OrderedTableNameMap:264 - getTableName(tableName=locationhierarchylevel) - end - result=LOCATIONHIERARCHYLEVEL
08:54:27,554 DEBUG org.dbunit.dataset.OrderedTableNameMap:253 - getTableName(tableName=LOCATIONHIERARCHYLEVEL) - start
08:54:27,555 DEBUG org.dbunit.dataset.OrderedTableNameMap:264 - getTableName(tableName=LOCATIONHIERARCHYLEVEL) - end - result=LOCATIONHIERARCHYLEVEL
08:54:27,555 DEBUG org.dbunit.dataset.OrderedTableNameMap:253 - getTableName(tableName=locationhierarchy) - start
08:54:27,556 DEBUG org.dbunit.dataset.OrderedTableNameMap:264 - getTableName(tableName=locationhierarchy) - end - result=LOCATIONHIERARCHY
08:54:27,556 DEBUG org.dbunit.dataset.xml.FlatXmlProducer:184 - createTableMetaData(tableName=locationhierarchy, attributes=com.sun.org.apache.xerces.internal.parsers.AbstractSAXParser$AttributesProxy@b05661) - start
08:54:27,557 DEBUG org.dbunit.dataset.Columns:71 - getColumns(columnNames=[], columns=[(uuid, UNKNOWN, nullableUnknown), (name, UNKNOWN, nullableUnknown), (extId, UNKNOWN, nullableUnknown), (level_uuid, UNKNOWN, nullableUnknown), (parent_uuid, UNKNOWN, nullableUnknown)]) - start
08:54:27,557 DEBUG org.dbunit.dataset.OrderedTableNameMap:191 - add(tableName=locationhierarchy, object=tableName=locationhierarchy, columns=[(uuid, UNKNOWN, nullableUnknown), (name, UNKNOWN, nullableUnknown), (extId, UNKNOWN, nullableUnknown), (level_uuid, UNKNOWN, nullableUnknown), (parent_uuid, UNKNOWN, nullableUnknown)], keys=[]) - start
08:54:27,558 DEBUG org.dbunit.dataset.OrderedTableNameMap:253 - getTableName(tableName=locationhierarchy) - start
08:54:27,558 DEBUG org.dbunit.dataset.OrderedTableNameMap:264 - getTableName(tableName=locationhierarchy) - end - result=LOCATIONHIERARCHY
08:54:27,559 DEBUG org.dbunit.dataset.OrderedTableNameMap:253 - getTableName(tableName=LOCATIONHIERARCHY) - start
08:54:27,559 DEBUG org.dbunit.dataset.OrderedTableNameMap:264 - getTableName(tableName=LOCATIONHIERARCHY) - end - result=LOCATIONHIERARCHY
08:54:27,560 DEBUG org.dbunit.dataset.CachedDataSet:135 - startTable(metaData=tableName=locationhierarchy, columns=[(uuid, UNKNOWN, nullableUnknown), (name, UNKNOWN, nullableUnknown), (extId, UNKNOWN, nullableUnknown), (level_uuid, UNKNOWN, nullableUnknown), (parent_uuid, UNKNOWN, nullableUnknown)], keys=[]) - start
08:54:27,560 DEBUG org.dbunit.dataset.OrderedTableNameMap:149 - getLastTableName() - start
08:54:27,561 DEBUG org.dbunit.dataset.OrderedTableNameMap:253 - getTableName(tableName=locationhierarchy) - start
08:54:27,561 DEBUG org.dbunit.dataset.OrderedTableNameMap:264 - getTableName(tableName=locationhierarchy) - end - result=LOCATIONHIERARCHY
08:54:27,562 DEBUG org.dbunit.dataset.AbstractTableMetaData:101 - getColumnIndex(columnName=uuid) - start
08:54:27,562 DEBUG org.dbunit.dataset.AbstractTableMetaData:101 - getColumnIndex(columnName=name) - start
08:54:27,563 DEBUG org.dbunit.dataset.AbstractTableMetaData:101 - getColumnIndex(columnName=extId) - start
08:54:27,564 DEBUG org.dbunit.dataset.AbstractTableMetaData:101 - getColumnIndex(columnName=level_uuid) - start
08:54:27,564 DEBUG org.dbunit.dataset.AbstractTableMetaData:101 - getColumnIndex(columnName=parent_uuid) - start
08:54:27,565 DEBUG org.dbunit.dataset.OrderedTableNameMap:149 - getLastTableName() - start
08:54:27,565 DEBUG org.dbunit.dataset.OrderedTableNameMap:253 - getTableName(tableName=locationhierarchy) - start
08:54:27,566 DEBUG org.dbunit.dataset.OrderedTableNameMap:264 - getTableName(tableName=locationhierarchy) - end - result=LOCATIONHIERARCHY
08:54:27,566 DEBUG org.dbunit.dataset.CachedDataSet:159 - row(values=hierarchy1) - start
08:54:27,567 DEBUG org.dbunit.dataset.DefaultTable:111 - addRow(values=hierarchy1) - start
08:54:27,567 DEBUG org.dbunit.dataset.xml.FlatXmlProducer:486 - endElement(uri=, localName=, qName=locationhierarchy) - start
08:54:27,568 DEBUG org.dbunit.dataset.xml.FlatXmlProducer:414 - startElement(uri=, localName=, qName=locationhierarchy, attributes=com.sun.org.apache.xerces.internal.parsers.AbstractSAXParser$AttributesProxy@b05661) - start
08:54:27,569 DEBUG org.dbunit.dataset.OrderedTableNameMap:149 - getLastTableName() - start
08:54:27,569 DEBUG org.dbunit.dataset.OrderedTableNameMap:253 - getTableName(tableName=locationhierarchy) - start
08:54:27,570 DEBUG org.dbunit.dataset.OrderedTableNameMap:264 - getTableName(tableName=locationhierarchy) - end - result=LOCATIONHIERARCHY
08:54:27,570 DEBUG org.dbunit.dataset.OrderedTableNameMap:127 - isLastTable(tableName=locationhierarchy) - start
08:54:27,571 DEBUG org.dbunit.dataset.OrderedTableNameMap:149 - getLastTableName() - start
08:54:27,571 DEBUG org.dbunit.dataset.OrderedTableNameMap:253 - getTableName(tableName=locationhierarchy) - start
08:54:27,572 DEBUG org.dbunit.dataset.OrderedTableNameMap:264 - getTableName(tableName=locationhierarchy) - end - result=LOCATIONHIERARCHY
08:54:27,572 DEBUG org.dbunit.dataset.OrderedTableNameMap:253 - getTableName(tableName=locationhierarchy) - start
08:54:27,573 DEBUG org.dbunit.dataset.OrderedTableNameMap:264 - getTableName(tableName=locationhierarchy) - end - result=LOCATIONHIERARCHY
08:54:27,573 DEBUG org.dbunit.dataset.OrderedTableNameMap:149 - getLastTableName() - start
08:54:27,574 DEBUG org.dbunit.dataset.OrderedTableNameMap:253 - getTableName(tableName=locationhierarchy) - start
08:54:27,574 DEBUG org.dbunit.dataset.OrderedTableNameMap:264 - getTableName(tableName=locationhierarchy) - end - result=LOCATIONHIERARCHY
08:54:27,575 DEBUG org.dbunit.dataset.AbstractTableMetaData:101 - getColumnIndex(columnName=uuid) - start
08:54:27,575 DEBUG org.dbunit.dataset.AbstractTableMetaData:101 - getColumnIndex(columnName=name) - start
08:54:27,576 DEBUG org.dbunit.dataset.AbstractTableMetaData:101 - getColumnIndex(columnName=extId) - start
08:54:27,576 DEBUG org.dbunit.dataset.AbstractTableMetaData:101 - getColumnIndex(columnName=level_uuid) - start
08:54:27,577 DEBUG org.dbunit.dataset.AbstractTableMetaData:101 - getColumnIndex(columnName=parent_uuid) - start
08:54:27,577 DEBUG org.dbunit.dataset.OrderedTableNameMap:149 - getLastTableName() - start
08:54:27,578 DEBUG org.dbunit.dataset.OrderedTableNameMap:253 - getTableName(tableName=locationhierarchy) - start
08:54:27,578 DEBUG org.dbunit.dataset.OrderedTableNameMap:264 - getTableName(tableName=locationhierarchy) - end - result=LOCATIONHIERARCHY
08:54:27,579 DEBUG org.dbunit.dataset.CachedDataSet:159 - row(values=hierarchy2) - start
08:54:27,579 DEBUG org.dbunit.dataset.DefaultTable:111 - addRow(values=hierarchy2) - start
08:54:27,580 DEBUG org.dbunit.dataset.xml.FlatXmlProducer:486 - endElement(uri=, localName=, qName=locationhierarchy) - start
08:54:27,581 DEBUG org.dbunit.dataset.xml.FlatXmlProducer:414 - startElement(uri=, localName=, qName=locationhierarchy, attributes=com.sun.org.apache.xerces.internal.parsers.AbstractSAXParser$AttributesProxy@b05661) - start
08:54:27,581 DEBUG org.dbunit.dataset.OrderedTableNameMap:149 - getLastTableName() - start
08:54:27,582 DEBUG org.dbunit.dataset.OrderedTableNameMap:253 - getTableName(tableName=locationhierarchy) - start
08:54:27,582 DEBUG org.dbunit.dataset.OrderedTableNameMap:264 - getTableName(tableName=locationhierarchy) - end - result=LOCATIONHIERARCHY
08:54:27,583 DEBUG org.dbunit.dataset.OrderedTableNameMap:127 - isLastTable(tableName=locationhierarchy) - start
08:54:27,583 DEBUG org.dbunit.dataset.OrderedTableNameMap:149 - getLastTableName() - start
08:54:27,584 DEBUG org.dbunit.dataset.OrderedTableNameMap:253 - getTableName(tableName=locationhierarchy) - start
08:54:27,584 DEBUG org.dbunit.dataset.OrderedTableNameMap:264 - getTableName(tableName=locationhierarchy) - end - result=LOCATIONHIERARCHY
08:54:27,585 DEBUG org.dbunit.dataset.OrderedTableNameMap:253 - getTableName(tableName=locationhierarchy) - start
08:54:27,585 DEBUG org.dbunit.dataset.OrderedTableNameMap:264 - getTableName(tableName=locationhierarchy) - end - result=LOCATIONHIERARCHY
08:54:27,586 DEBUG org.dbunit.dataset.OrderedTableNameMap:149 - getLastTableName() - start
08:54:27,586 DEBUG org.dbunit.dataset.OrderedTableNameMap:253 - getTableName(tableName=locationhierarchy) - start
08:54:27,587 DEBUG org.dbunit.dataset.OrderedTableNameMap:264 - getTableName(tableName=locationhierarchy) - end - result=LOCATIONHIERARCHY
08:54:27,587 DEBUG org.dbunit.dataset.AbstractTableMetaData:101 - getColumnIndex(columnName=uuid) - start
08:54:27,588 DEBUG org.dbunit.dataset.AbstractTableMetaData:101 - getColumnIndex(columnName=name) - start
08:54:27,588 DEBUG org.dbunit.dataset.AbstractTableMetaData:101 - getColumnIndex(columnName=extId) - start
08:54:27,589 DEBUG org.dbunit.dataset.AbstractTableMetaData:101 - getColumnIndex(columnName=level_uuid) - start
08:54:27,590 DEBUG org.dbunit.dataset.AbstractTableMetaData:101 - getColumnIndex(columnName=parent_uuid) - start
08:54:27,590 DEBUG org.dbunit.dataset.OrderedTableNameMap:149 - getLastTableName() - start
08:54:27,591 DEBUG org.dbunit.dataset.OrderedTableNameMap:253 - getTableName(tableName=locationhierarchy) - start
08:54:27,591 DEBUG org.dbunit.dataset.OrderedTableNameMap:264 - getTableName(tableName=locationhierarchy) - end - result=LOCATIONHIERARCHY
08:54:27,592 DEBUG org.dbunit.dataset.CachedDataSet:159 - row(values=hierarchy3) - start
08:54:27,592 DEBUG org.dbunit.dataset.DefaultTable:111 - addRow(values=hierarchy3) - start
08:54:27,593 DEBUG org.dbunit.dataset.xml.FlatXmlProducer:486 - endElement(uri=, localName=, qName=locationhierarchy) - start
08:54:27,593 DEBUG org.dbunit.dataset.xml.FlatXmlProducer:414 - startElement(uri=, localName=, qName=fieldworker, attributes=com.sun.org.apache.xerces.internal.parsers.AbstractSAXParser$AttributesProxy@b05661) - start
08:54:27,594 DEBUG org.dbunit.dataset.OrderedTableNameMap:149 - getLastTableName() - start
08:54:27,598 DEBUG org.dbunit.dataset.OrderedTableNameMap:253 - getTableName(tableName=locationhierarchy) - start
08:54:27,598 DEBUG org.dbunit.dataset.OrderedTableNameMap:264 - getTableName(tableName=locationhierarchy) - end - result=LOCATIONHIERARCHY
08:54:27,599 DEBUG org.dbunit.dataset.OrderedTableNameMap:127 - isLastTable(tableName=fieldworker) - start
08:54:27,599 DEBUG org.dbunit.dataset.OrderedTableNameMap:149 - getLastTableName() - start
08:54:27,600 DEBUG org.dbunit.dataset.OrderedTableNameMap:253 - getTableName(tableName=locationhierarchy) - start
08:54:27,600 DEBUG org.dbunit.dataset.OrderedTableNameMap:264 - getTableName(tableName=locationhierarchy) - end - result=LOCATIONHIERARCHY
08:54:27,601 DEBUG org.dbunit.dataset.OrderedTableNameMap:253 - getTableName(tableName=fieldworker) - start
08:54:27,601 DEBUG org.dbunit.dataset.OrderedTableNameMap:264 - getTableName(tableName=fieldworker) - end - result=FIELDWORKER
08:54:27,602 DEBUG org.dbunit.dataset.CachedDataSet:141 - endTable() - start
08:54:27,603 DEBUG org.dbunit.dataset.OrderedTableNameMap:253 - getTableName(tableName=locationhierarchy) - start
08:54:27,603 DEBUG org.dbunit.dataset.OrderedTableNameMap:264 - getTableName(tableName=locationhierarchy) - end - result=LOCATIONHIERARCHY
08:54:27,604 DEBUG org.dbunit.dataset.OrderedTableNameMap:191 - add(tableName=locationhierarchy, object=org.dbunit.dataset.DefaultTable[_metaData=tableName=locationhierarchy, columns=[(uuid, UNKNOWN, nullableUnknown), (name, UNKNOWN, nullableUnknown), (extId, UNKNOWN, nullableUnknown), (level_uuid, UNKNOWN, nullableUnknown), (parent_uuid, UNKNOWN, nullableUnknown)], keys=[], _rowList.size()=3]) - start
08:54:27,604 DEBUG org.dbunit.dataset.OrderedTableNameMap:253 - getTableName(tableName=locationhierarchy) - start
08:54:27,605 DEBUG org.dbunit.dataset.OrderedTableNameMap:264 - getTableName(tableName=locationhierarchy) - end - result=LOCATIONHIERARCHY
08:54:27,605 DEBUG org.dbunit.dataset.OrderedTableNameMap:253 - getTableName(tableName=LOCATIONHIERARCHY) - start
08:54:27,606 DEBUG org.dbunit.dataset.OrderedTableNameMap:264 - getTableName(tableName=LOCATIONHIERARCHY) - end - result=LOCATIONHIERARCHY
08:54:27,606 DEBUG org.dbunit.dataset.OrderedTableNameMap:253 - getTableName(tableName=fieldworker) - start
08:54:27,607 DEBUG org.dbunit.dataset.OrderedTableNameMap:264 - getTableName(tableName=fieldworker) - end - result=FIELDWORKER
08:54:27,607 DEBUG org.dbunit.dataset.xml.FlatXmlProducer:184 - createTableMetaData(tableName=fieldworker, attributes=com.sun.org.apache.xerces.internal.parsers.AbstractSAXParser$AttributesProxy@b05661) - start
08:54:27,608 DEBUG org.dbunit.dataset.Columns:71 - getColumns(columnNames=[], columns=[(uuid, UNKNOWN, nullableUnknown), (extId, UNKNOWN, nullableUnknown), (firstname, UNKNOWN, nullableUnknown), (lastname, UNKNOWN, nullableUnknown), (deleted, UNKNOWN, nullableUnknown)]) - start
08:54:27,609 DEBUG org.dbunit.dataset.OrderedTableNameMap:191 - add(tableName=fieldworker, object=tableName=fieldworker, columns=[(uuid, UNKNOWN, nullableUnknown), (extId, UNKNOWN, nullableUnknown), (firstname, UNKNOWN, nullableUnknown), (lastname, UNKNOWN, nullableUnknown), (deleted, UNKNOWN, nullableUnknown)], keys=[]) - start
08:54:27,609 DEBUG org.dbunit.dataset.OrderedTableNameMap:253 - getTableName(tableName=fieldworker) - start
08:54:27,610 DEBUG org.dbunit.dataset.OrderedTableNameMap:264 - getTableName(tableName=fieldworker) - end - result=FIELDWORKER
08:54:27,610 DEBUG org.dbunit.dataset.OrderedTableNameMap:253 - getTableName(tableName=FIELDWORKER) - start
08:54:27,611 DEBUG org.dbunit.dataset.OrderedTableNameMap:264 - getTableName(tableName=FIELDWORKER) - end - result=FIELDWORKER
08:54:27,611 DEBUG org.dbunit.dataset.CachedDataSet:135 - startTable(metaData=tableName=fieldworker, columns=[(uuid, UNKNOWN, nullableUnknown), (extId, UNKNOWN, nullableUnknown), (firstname, UNKNOWN, nullableUnknown), (lastname, UNKNOWN, nullableUnknown), (deleted, UNKNOWN, nullableUnknown)], keys=[]) - start
08:54:27,612 DEBUG org.dbunit.dataset.OrderedTableNameMap:149 - getLastTableName() - start
08:54:27,612 DEBUG org.dbunit.dataset.OrderedTableNameMap:253 - getTableName(tableName=fieldworker) - start
08:54:27,613 DEBUG org.dbunit.dataset.OrderedTableNameMap:264 - getTableName(tableName=fieldworker) - end - result=FIELDWORKER
08:54:27,613 DEBUG org.dbunit.dataset.AbstractTableMetaData:101 - getColumnIndex(columnName=uuid) - start
08:54:27,614 DEBUG org.dbunit.dataset.AbstractTableMetaData:101 - getColumnIndex(columnName=extId) - start
08:54:27,614 DEBUG org.dbunit.dataset.AbstractTableMetaData:101 - getColumnIndex(columnName=firstname) - start
08:54:27,615 DEBUG org.dbunit.dataset.AbstractTableMetaData:101 - getColumnIndex(columnName=lastname) - start
08:54:27,615 DEBUG org.dbunit.dataset.AbstractTableMetaData:101 - getColumnIndex(columnName=deleted) - start
08:54:27,616 DEBUG org.dbunit.dataset.OrderedTableNameMap:149 - getLastTableName() - start
08:54:27,616 DEBUG org.dbunit.dataset.OrderedTableNameMap:253 - getTableName(tableName=fieldworker) - start
08:54:27,617 DEBUG org.dbunit.dataset.OrderedTableNameMap:264 - getTableName(tableName=fieldworker) - end - result=FIELDWORKER
08:54:27,617 DEBUG org.dbunit.dataset.CachedDataSet:159 - row(values=FieldWorker1) - start
08:54:27,618 DEBUG org.dbunit.dataset.DefaultTable:111 - addRow(values=FieldWorker1) - start
08:54:27,619 DEBUG org.dbunit.dataset.xml.FlatXmlProducer:486 - endElement(uri=, localName=, qName=fieldworker) - start
08:54:27,619 DEBUG org.dbunit.dataset.xml.FlatXmlProducer:414 - startElement(uri=, localName=, qName=individual, attributes=com.sun.org.apache.xerces.internal.parsers.AbstractSAXParser$AttributesProxy@b05661) - start
08:54:27,620 DEBUG org.dbunit.dataset.OrderedTableNameMap:149 - getLastTableName() - start
08:54:27,620 DEBUG org.dbunit.dataset.OrderedTableNameMap:253 - getTableName(tableName=fieldworker) - start
08:54:27,621 DEBUG org.dbunit.dataset.OrderedTableNameMap:264 - getTableName(tableName=fieldworker) - end - result=FIELDWORKER
08:54:27,621 DEBUG org.dbunit.dataset.OrderedTableNameMap:127 - isLastTable(tableName=individual) - start
08:54:27,622 DEBUG org.dbunit.dataset.OrderedTableNameMap:149 - getLastTableName() - start
08:54:27,622 DEBUG org.dbunit.dataset.OrderedTableNameMap:253 - getTableName(tableName=fieldworker) - start
08:54:27,623 DEBUG org.dbunit.dataset.OrderedTableNameMap:264 - getTableName(tableName=fieldworker) - end - result=FIELDWORKER
08:54:27,623 DEBUG org.dbunit.dataset.OrderedTableNameMap:253 - getTableName(tableName=individual) - start
08:54:27,624 DEBUG org.dbunit.dataset.OrderedTableNameMap:264 - getTableName(tableName=individual) - end - result=INDIVIDUAL
08:54:27,625 DEBUG org.dbunit.dataset.CachedDataSet:141 - endTable() - start
08:54:27,625 DEBUG org.dbunit.dataset.OrderedTableNameMap:253 - getTableName(tableName=fieldworker) - start
08:54:27,626 DEBUG org.dbunit.dataset.OrderedTableNameMap:264 - getTableName(tableName=fieldworker) - end - result=FIELDWORKER
08:54:27,626 DEBUG org.dbunit.dataset.OrderedTableNameMap:191 - add(tableName=fieldworker, object=org.dbunit.dataset.DefaultTable[_metaData=tableName=fieldworker, columns=[(uuid, UNKNOWN, nullableUnknown), (extId, UNKNOWN, nullableUnknown), (firstname, UNKNOWN, nullableUnknown), (lastname, UNKNOWN, nullableUnknown), (deleted, UNKNOWN, nullableUnknown)], keys=[], _rowList.size()=1]) - start
08:54:27,627 DEBUG org.dbunit.dataset.OrderedTableNameMap:253 - getTableName(tableName=fieldworker) - start
08:54:27,627 DEBUG org.dbunit.dataset.OrderedTableNameMap:264 - getTableName(tableName=fieldworker) - end - result=FIELDWORKER
08:54:27,628 DEBUG org.dbunit.dataset.OrderedTableNameMap:253 - getTableName(tableName=FIELDWORKER) - start
08:54:27,628 DEBUG org.dbunit.dataset.OrderedTableNameMap:264 - getTableName(tableName=FIELDWORKER) - end - result=FIELDWORKER
08:54:27,629 DEBUG org.dbunit.dataset.OrderedTableNameMap:253 - getTableName(tableName=individual) - start
08:54:27,629 DEBUG org.dbunit.dataset.OrderedTableNameMap:264 - getTableName(tableName=individual) - end - result=INDIVIDUAL
08:54:27,630 DEBUG org.dbunit.dataset.xml.FlatXmlProducer:184 - createTableMetaData(tableName=individual, attributes=com.sun.org.apache.xerces.internal.parsers.AbstractSAXParser$AttributesProxy@b05661) - start
08:54:27,631 DEBUG org.dbunit.dataset.Columns:71 - getColumns(columnNames=[], columns=[(uuid, UNKNOWN, nullableUnknown), (deleted, UNKNOWN, nullableUnknown), (insertDate, UNKNOWN, nullableUnknown), (voidReason, UNKNOWN, nullableUnknown), (status, UNKNOWN, nullableUnknown), (dob, UNKNOWN, nullableUnknown), (extId, UNKNOWN, nullableUnknown), (firstName, UNKNOWN, nullableUnknown), (gender, UNKNOWN, nullableUnknown), (lastName, UNKNOWN, nullableUnknown), (insertBy_uuid, UNKNOWN, nullableUnknown), (collectedBy_uuid, UNKNOWN, nullableUnknown)]) - start
08:54:27,631 DEBUG org.dbunit.dataset.OrderedTableNameMap:191 - add(tableName=individual, object=tableName=individual, columns=[(uuid, UNKNOWN, nullableUnknown), (deleted, UNKNOWN, nullableUnknown), (insertDate, UNKNOWN, nullableUnknown), (voidReason, UNKNOWN, nullableUnknown), (status, UNKNOWN, nullableUnknown), (dob, UNKNOWN, nullableUnknown), (extId, UNKNOWN, nullableUnknown), (firstName, UNKNOWN, nullableUnknown), (gender, UNKNOWN, nullableUnknown), (lastName, UNKNOWN, nullableUnknown), (insertBy_uuid, UNKNOWN, nullableUnknown), (collectedBy_uuid, UNKNOWN, nullableUnknown)], keys=[]) - start
08:54:27,632 DEBUG org.dbunit.dataset.OrderedTableNameMap:253 - getTableName(tableName=individual) - start
08:54:27,632 DEBUG org.dbunit.dataset.OrderedTableNameMap:264 - getTableName(tableName=individual) - end - result=INDIVIDUAL
08:54:27,633 DEBUG org.dbunit.dataset.OrderedTableNameMap:253 - getTableName(tableName=INDIVIDUAL) - start
08:54:27,633 DEBUG org.dbunit.dataset.OrderedTableNameMap:264 - getTableName(tableName=INDIVIDUAL) - end - result=INDIVIDUAL
08:54:27,634 DEBUG org.dbunit.dataset.CachedDataSet:135 - startTable(metaData=tableName=individual, columns=[(uuid, UNKNOWN, nullableUnknown), (deleted, UNKNOWN, nullableUnknown), (insertDate, UNKNOWN, nullableUnknown), (voidReason, UNKNOWN, nullableUnknown), (status, UNKNOWN, nullableUnknown), (dob, UNKNOWN, nullableUnknown), (extId, UNKNOWN, nullableUnknown), (firstName, UNKNOWN, nullableUnknown), (gender, UNKNOWN, nullableUnknown), (lastName, UNKNOWN, nullableUnknown), (insertBy_uuid, UNKNOWN, nullableUnknown), (collectedBy_uuid, UNKNOWN, nullableUnknown)], keys=[]) - start
08:54:27,635 DEBUG org.dbunit.dataset.OrderedTableNameMap:149 - getLastTableName() - start
08:54:27,635 DEBUG org.dbunit.dataset.OrderedTableNameMap:253 - getTableName(tableName=individual) - start
08:54:27,636 DEBUG org.dbunit.dataset.OrderedTableNameMap:264 - getTableName(tableName=individual) - end - result=INDIVIDUAL
08:54:27,636 DEBUG org.dbunit.dataset.AbstractTableMetaData:101 - getColumnIndex(columnName=uuid) - start
08:54:27,637 DEBUG org.dbunit.dataset.AbstractTableMetaData:101 - getColumnIndex(columnName=deleted) - start
08:54:27,637 DEBUG org.dbunit.dataset.AbstractTableMetaData:101 - getColumnIndex(columnName=insertDate) - start
08:54:27,638 DEBUG org.dbunit.dataset.AbstractTableMetaData:101 - getColumnIndex(columnName=voidReason) - start
08:54:27,638 DEBUG org.dbunit.dataset.AbstractTableMetaData:101 - getColumnIndex(columnName=status) - start
08:54:27,639 DEBUG org.dbunit.dataset.AbstractTableMetaData:101 - getColumnIndex(columnName=dob) - start
08:54:27,639 DEBUG org.dbunit.dataset.AbstractTableMetaData:101 - getColumnIndex(columnName=extId) - start
08:54:27,640 DEBUG org.dbunit.dataset.AbstractTableMetaData:101 - getColumnIndex(columnName=firstName) - start
08:54:27,640 DEBUG org.dbunit.dataset.AbstractTableMetaData:101 - getColumnIndex(columnName=gender) - start
08:54:27,641 DEBUG org.dbunit.dataset.AbstractTableMetaData:101 - getColumnIndex(columnName=lastName) - start
08:54:27,641 DEBUG org.dbunit.dataset.AbstractTableMetaData:101 - getColumnIndex(columnName=insertBy_uuid) - start
08:54:27,642 DEBUG org.dbunit.dataset.AbstractTableMetaData:101 - getColumnIndex(columnName=collectedBy_uuid) - start
08:54:27,642 DEBUG org.dbunit.dataset.OrderedTableNameMap:149 - getLastTableName() - start
08:54:27,643 DEBUG org.dbunit.dataset.OrderedTableNameMap:253 - getTableName(tableName=individual) - start
08:54:27,643 DEBUG org.dbunit.dataset.OrderedTableNameMap:264 - getTableName(tableName=individual) - end - result=INDIVIDUAL
08:54:27,644 DEBUG org.dbunit.dataset.CachedDataSet:159 - row(values=Indiv 4) - start
08:54:27,644 DEBUG org.dbunit.dataset.DefaultTable:111 - addRow(values=Indiv 4) - start
08:54:27,645 DEBUG org.dbunit.dataset.xml.FlatXmlProducer:486 - endElement(uri=, localName=, qName=individual) - start
08:54:27,646 DEBUG org.dbunit.dataset.xml.FlatXmlProducer:414 - startElement(uri=, localName=, qName=individual, attributes=com.sun.org.apache.xerces.internal.parsers.AbstractSAXParser$AttributesProxy@b05661) - start
08:54:27,646 DEBUG org.dbunit.dataset.OrderedTableNameMap:149 - getLastTableName() - start
08:54:27,647 DEBUG org.dbunit.dataset.OrderedTableNameMap:253 - getTableName(tableName=individual) - start
08:54:27,647 DEBUG org.dbunit.dataset.OrderedTableNameMap:264 - getTableName(tableName=individual) - end - result=INDIVIDUAL
08:54:27,648 DEBUG org.dbunit.dataset.OrderedTableNameMap:127 - isLastTable(tableName=individual) - start
08:54:27,648 DEBUG org.dbunit.dataset.OrderedTableNameMap:149 - getLastTableName() - start
08:54:27,649 DEBUG org.dbunit.dataset.OrderedTableNameMap:253 - getTableName(tableName=individual) - start
08:54:27,649 DEBUG org.dbunit.dataset.OrderedTableNameMap:264 - getTableName(tableName=individual) - end - result=INDIVIDUAL
08:54:27,650 DEBUG org.dbunit.dataset.OrderedTableNameMap:253 - getTableName(tableName=individual) - start
08:54:27,650 DEBUG org.dbunit.dataset.OrderedTableNameMap:264 - getTableName(tableName=individual) - end - result=INDIVIDUAL
08:54:27,651 DEBUG org.dbunit.dataset.OrderedTableNameMap:149 - getLastTableName() - start
08:54:27,651 DEBUG org.dbunit.dataset.OrderedTableNameMap:253 - getTableName(tableName=individual) - start
08:54:27,652 DEBUG org.dbunit.dataset.OrderedTableNameMap:264 - getTableName(tableName=individual) - end - result=INDIVIDUAL
08:54:27,653 DEBUG org.dbunit.dataset.AbstractTableMetaData:101 - getColumnIndex(columnName=uuid) - start
08:54:27,653 DEBUG org.dbunit.dataset.AbstractTableMetaData:101 - getColumnIndex(columnName=deleted) - start
08:54:27,654 DEBUG org.dbunit.dataset.AbstractTableMetaData:101 - getColumnIndex(columnName=insertDate) - start
08:54:27,654 DEBUG org.dbunit.dataset.AbstractTableMetaData:101 - getColumnIndex(columnName=voidReason) - start
08:54:27,655 DEBUG org.dbunit.dataset.AbstractTableMetaData:101 - getColumnIndex(columnName=status) - start
08:54:27,656 DEBUG org.dbunit.dataset.AbstractTableMetaData:101 - getColumnIndex(columnName=dob) - start
08:54:27,656 DEBUG org.dbunit.dataset.AbstractTableMetaData:101 - getColumnIndex(columnName=extId) - start
08:54:27,657 DEBUG org.dbunit.dataset.AbstractTableMetaData:101 - getColumnIndex(columnName=firstName) - start
08:54:27,657 DEBUG org.dbunit.dataset.AbstractTableMetaData:101 - getColumnIndex(columnName=gender) - start
08:54:27,658 DEBUG org.dbunit.dataset.AbstractTableMetaData:101 - getColumnIndex(columnName=lastName) - start
08:54:27,658 DEBUG org.dbunit.dataset.AbstractTableMetaData:101 - getColumnIndex(columnName=insertBy_uuid) - start
08:54:27,659 DEBUG org.dbunit.dataset.AbstractTableMetaData:101 - getColumnIndex(columnName=collectedBy_uuid) - start
08:54:27,659 DEBUG org.dbunit.dataset.OrderedTableNameMap:149 - getLastTableName() - start
08:54:27,660 DEBUG org.dbunit.dataset.OrderedTableNameMap:253 - getTableName(tableName=individual) - start
08:54:27,664 DEBUG org.dbunit.dataset.OrderedTableNameMap:264 - getTableName(tableName=individual) - end - result=INDIVIDUAL
08:54:27,665 DEBUG org.dbunit.dataset.CachedDataSet:159 - row(values=Indiv 1) - start
08:54:27,665 DEBUG org.dbunit.dataset.DefaultTable:111 - addRow(values=Indiv 1) - start
08:54:27,666 DEBUG org.dbunit.dataset.xml.FlatXmlProducer:486 - endElement(uri=, localName=, qName=individual) - start
08:54:27,666 DEBUG org.dbunit.dataset.xml.FlatXmlProducer:414 - startElement(uri=, localName=, qName=socialgroup, attributes=com.sun.org.apache.xerces.internal.parsers.AbstractSAXParser$AttributesProxy@b05661) - start
08:54:27,667 DEBUG org.dbunit.dataset.OrderedTableNameMap:149 - getLastTableName() - start
08:54:27,667 DEBUG org.dbunit.dataset.OrderedTableNameMap:253 - getTableName(tableName=individual) - start
08:54:27,668 DEBUG org.dbunit.dataset.OrderedTableNameMap:264 - getTableName(tableName=individual) - end - result=INDIVIDUAL
08:54:27,669 DEBUG org.dbunit.dataset.OrderedTableNameMap:127 - isLastTable(tableName=socialgroup) - start
08:54:27,669 DEBUG org.dbunit.dataset.OrderedTableNameMap:149 - getLastTableName() - start
08:54:27,670 DEBUG org.dbunit.dataset.OrderedTableNameMap:253 - getTableName(tableName=individual) - start
08:54:27,670 DEBUG org.dbunit.dataset.OrderedTableNameMap:264 - getTableName(tableName=individual) - end - result=INDIVIDUAL
08:54:27,671 DEBUG org.dbunit.dataset.OrderedTableNameMap:253 - getTableName(tableName=socialgroup) - start
08:54:27,671 DEBUG org.dbunit.dataset.OrderedTableNameMap:264 - getTableName(tableName=socialgroup) - end - result=SOCIALGROUP
08:54:27,672 DEBUG org.dbunit.dataset.CachedDataSet:141 - endTable() - start
08:54:27,672 DEBUG org.dbunit.dataset.OrderedTableNameMap:253 - getTableName(tableName=individual) - start
08:54:27,673 DEBUG org.dbunit.dataset.OrderedTableNameMap:264 - getTableName(tableName=individual) - end - result=INDIVIDUAL
08:54:27,673 DEBUG org.dbunit.dataset.OrderedTableNameMap:191 - add(tableName=individual, object=org.dbunit.dataset.DefaultTable[_metaData=tableName=individual, columns=[(uuid, UNKNOWN, nullableUnknown), (deleted, UNKNOWN, nullableUnknown), (insertDate, UNKNOWN, nullableUnknown), (voidReason, UNKNOWN, nullableUnknown), (status, UNKNOWN, nullableUnknown), (dob, UNKNOWN, nullableUnknown), (extId, UNKNOWN, nullableUnknown), (firstName, UNKNOWN, nullableUnknown), (gender, UNKNOWN, nullableUnknown), (lastName, UNKNOWN, nullableUnknown), (insertBy_uuid, UNKNOWN, nullableUnknown), (collectedBy_uuid, UNKNOWN, nullableUnknown)], keys=[], _rowList.size()=2]) - start
08:54:27,674 DEBUG org.dbunit.dataset.OrderedTableNameMap:253 - getTableName(tableName=individual) - start
08:54:27,675 DEBUG org.dbunit.dataset.OrderedTableNameMap:264 - getTableName(tableName=individual) - end - result=INDIVIDUAL
08:54:27,675 DEBUG org.dbunit.dataset.OrderedTableNameMap:253 - getTableName(tableName=INDIVIDUAL) - start
08:54:27,676 DEBUG org.dbunit.dataset.OrderedTableNameMap:264 - getTableName(tableName=INDIVIDUAL) - end - result=INDIVIDUAL
08:54:27,676 DEBUG org.dbunit.dataset.OrderedTableNameMap:253 - getTableName(tableName=socialgroup) - start
08:54:27,677 DEBUG org.dbunit.dataset.OrderedTableNameMap:264 - getTableName(tableName=socialgroup) - end - result=SOCIALGROUP
08:54:27,678 DEBUG org.dbunit.dataset.xml.FlatXmlProducer:184 - createTableMetaData(tableName=socialgroup, attributes=com.sun.org.apache.xerces.internal.parsers.AbstractSAXParser$AttributesProxy@b05661) - start
08:54:27,678 DEBUG org.dbunit.dataset.Columns:71 - getColumns(columnNames=[], columns=[(uuid, UNKNOWN, nullableUnknown), (deleted, UNKNOWN, nullableUnknown), (insertDate, UNKNOWN, nullableUnknown), (status, UNKNOWN, nullableUnknown), (extId, UNKNOWN, nullableUnknown), (groupName, UNKNOWN, nullableUnknown), (groupType, UNKNOWN, nullableUnknown), (insertBy_uuid, UNKNOWN, nullableUnknown), (collectedBy_uuid, UNKNOWN, nullableUnknown), (groupHead_uuid, UNKNOWN, nullableUnknown)]) - start
08:54:27,679 DEBUG org.dbunit.dataset.OrderedTableNameMap:191 - add(tableName=socialgroup, object=tableName=socialgroup, columns=[(uuid, UNKNOWN, nullableUnknown), (deleted, UNKNOWN, nullableUnknown), (insertDate, UNKNOWN, nullableUnknown), (status, UNKNOWN, nullableUnknown), (extId, UNKNOWN, nullableUnknown), (groupName, UNKNOWN, nullableUnknown), (groupType, UNKNOWN, nullableUnknown), (insertBy_uuid, UNKNOWN, nullableUnknown), (collectedBy_uuid, UNKNOWN, nullableUnknown), (groupHead_uuid, UNKNOWN, nullableUnknown)], keys=[]) - start
08:54:27,679 DEBUG org.dbunit.dataset.OrderedTableNameMap:253 - getTableName(tableName=socialgroup) - start
08:54:27,680 DEBUG org.dbunit.dataset.OrderedTableNameMap:264 - getTableName(tableName=socialgroup) - end - result=SOCIALGROUP
08:54:27,680 DEBUG org.dbunit.dataset.OrderedTableNameMap:253 - getTableName(tableName=SOCIALGROUP) - start
08:54:27,681 DEBUG org.dbunit.dataset.OrderedTableNameMap:264 - getTableName(tableName=SOCIALGROUP) - end - result=SOCIALGROUP
08:54:27,682 DEBUG org.dbunit.dataset.CachedDataSet:135 - startTable(metaData=tableName=socialgroup, columns=[(uuid, UNKNOWN, nullableUnknown), (deleted, UNKNOWN, nullableUnknown), (insertDate, UNKNOWN, nullableUnknown), (status, UNKNOWN, nullableUnknown), (extId, UNKNOWN, nullableUnknown), (groupName, UNKNOWN, nullableUnknown), (groupType, UNKNOWN, nullableUnknown), (insertBy_uuid, UNKNOWN, nullableUnknown), (collectedBy_uuid, UNKNOWN, nullableUnknown), (groupHead_uuid, UNKNOWN, nullableUnknown)], keys=[]) - start
08:54:27,682 DEBUG org.dbunit.dataset.OrderedTableNameMap:149 - getLastTableName() - start
08:54:27,683 DEBUG org.dbunit.dataset.OrderedTableNameMap:253 - getTableName(tableName=socialgroup) - start
08:54:27,684 DEBUG org.dbunit.dataset.OrderedTableNameMap:264 - getTableName(tableName=socialgroup) - end - result=SOCIALGROUP
08:54:27,684 DEBUG org.dbunit.dataset.AbstractTableMetaData:101 - getColumnIndex(columnName=uuid) - start
08:54:27,685 DEBUG org.dbunit.dataset.AbstractTableMetaData:101 - getColumnIndex(columnName=deleted) - start
08:54:27,685 DEBUG org.dbunit.dataset.AbstractTableMetaData:101 - getColumnIndex(columnName=insertDate) - start
08:54:27,686 DEBUG org.dbunit.dataset.AbstractTableMetaData:101 - getColumnIndex(columnName=status) - start
08:54:27,686 DEBUG org.dbunit.dataset.AbstractTableMetaData:101 - getColumnIndex(columnName=extId) - start
08:54:27,687 DEBUG org.dbunit.dataset.AbstractTableMetaData:101 - getColumnIndex(columnName=groupName) - start
08:54:27,687 DEBUG org.dbunit.dataset.AbstractTableMetaData:101 - getColumnIndex(columnName=groupType) - start
08:54:27,688 DEBUG org.dbunit.dataset.AbstractTableMetaData:101 - getColumnIndex(columnName=insertBy_uuid) - start
08:54:27,689 DEBUG org.dbunit.dataset.AbstractTableMetaData:101 - getColumnIndex(columnName=collectedBy_uuid) - start
08:54:27,689 DEBUG org.dbunit.dataset.AbstractTableMetaData:101 - getColumnIndex(columnName=groupHead_uuid) - start
08:54:27,690 DEBUG org.dbunit.dataset.OrderedTableNameMap:149 - getLastTableName() - start
08:54:27,690 DEBUG org.dbunit.dataset.OrderedTableNameMap:253 - getTableName(tableName=socialgroup) - start
08:54:27,691 DEBUG org.dbunit.dataset.OrderedTableNameMap:264 - getTableName(tableName=socialgroup) - end - result=SOCIALGROUP
08:54:27,691 DEBUG org.dbunit.dataset.CachedDataSet:159 - row(values=SocialGroup1) - start
08:54:27,692 DEBUG org.dbunit.dataset.DefaultTable:111 - addRow(values=SocialGroup1) - start
08:54:27,692 DEBUG org.dbunit.dataset.xml.FlatXmlProducer:486 - endElement(uri=, localName=, qName=socialgroup) - start
08:54:27,693 DEBUG org.dbunit.dataset.xml.FlatXmlProducer:414 - startElement(uri=, localName=, qName=membership, attributes=com.sun.org.apache.xerces.internal.parsers.AbstractSAXParser$AttributesProxy@b05661) - start
08:54:27,693 DEBUG org.dbunit.dataset.OrderedTableNameMap:149 - getLastTableName() - start
08:54:27,693 DEBUG org.dbunit.dataset.OrderedTableNameMap:253 - getTableName(tableName=socialgroup) - start
08:54:27,694 DEBUG org.dbunit.dataset.OrderedTableNameMap:264 - getTableName(tableName=socialgroup) - end - result=SOCIALGROUP
08:54:27,694 DEBUG org.dbunit.dataset.OrderedTableNameMap:127 - isLastTable(tableName=membership) - start
08:54:27,694 DEBUG org.dbunit.dataset.OrderedTableNameMap:149 - getLastTableName() - start
08:54:27,695 DEBUG org.dbunit.dataset.OrderedTableNameMap:253 - getTableName(tableName=socialgroup) - start
08:54:27,695 DEBUG org.dbunit.dataset.OrderedTableNameMap:264 - getTableName(tableName=socialgroup) - end - result=SOCIALGROUP
08:54:27,696 DEBUG org.dbunit.dataset.OrderedTableNameMap:253 - getTableName(tableName=membership) - start
08:54:27,696 DEBUG org.dbunit.dataset.OrderedTableNameMap:264 - getTableName(tableName=membership) - end - result=MEMBERSHIP
08:54:27,696 DEBUG org.dbunit.dataset.CachedDataSet:141 - endTable() - start
08:54:27,697 DEBUG org.dbunit.dataset.OrderedTableNameMap:253 - getTableName(tableName=socialgroup) - start
08:54:27,697 DEBUG org.dbunit.dataset.OrderedTableNameMap:264 - getTableName(tableName=socialgroup) - end - result=SOCIALGROUP
08:54:27,697 DEBUG org.dbunit.dataset.OrderedTableNameMap:191 - add(tableName=socialgroup, object=org.dbunit.dataset.DefaultTable[_metaData=tableName=socialgroup, columns=[(uuid, UNKNOWN, nullableUnknown), (deleted, UNKNOWN, nullableUnknown), (insertDate, UNKNOWN, nullableUnknown), (status, UNKNOWN, nullableUnknown), (extId, UNKNOWN, nullableUnknown), (groupName, UNKNOWN, nullableUnknown), (groupType, UNKNOWN, nullableUnknown), (insertBy_uuid, UNKNOWN, nullableUnknown), (collectedBy_uuid, UNKNOWN, nullableUnknown), (groupHead_uuid, UNKNOWN, nullableUnknown)], keys=[], _rowList.size()=1]) - start
08:54:27,698 DEBUG org.dbunit.dataset.OrderedTableNameMap:253 - getTableName(tableName=socialgroup) - start
08:54:27,698 DEBUG org.dbunit.dataset.OrderedTableNameMap:264 - getTableName(tableName=socialgroup) - end - result=SOCIALGROUP
08:54:27,699 DEBUG org.dbunit.dataset.OrderedTableNameMap:253 - getTableName(tableName=SOCIALGROUP) - start
08:54:27,699 DEBUG org.dbunit.dataset.OrderedTableNameMap:264 - getTableName(tableName=SOCIALGROUP) - end - result=SOCIALGROUP
08:54:27,700 DEBUG org.dbunit.dataset.OrderedTableNameMap:253 - getTableName(tableName=membership) - start
08:54:27,700 DEBUG org.dbunit.dataset.OrderedTableNameMap:264 - getTableName(tableName=membership) - end - result=MEMBERSHIP
08:54:27,701 DEBUG org.dbunit.dataset.xml.FlatXmlProducer:184 - createTableMetaData(tableName=membership, attributes=com.sun.org.apache.xerces.internal.parsers.AbstractSAXParser$AttributesProxy@b05661) - start
[...]
Hibernate: select this_.uuid as uuid85_9_, this_.deleted as deleted85_9_, this_.insertBy_uuid as insertBy11_85_9_, this_.insertDate as insertDate85_9_, this_.voidBy_uuid as voidBy12_85_9_, this_.voidDate as voidDate85_9_, this_.voidReason as voidReason85_9_, this_.collectedBy_uuid as collect13_85_9_, this_.status as status85_9_, this_.statusMessage as statusMe7_85_9_, this_.childEverBorn as childEve8_85_9_, this_.father_uuid as father14_85_9_, this_.mother_uuid as mother15_85_9_, this_.numberOfLiveBirths as numberOf9_85_9_, this_.outcomeDate as outcome10_85_9_, this_.visit_uuid as visit16_85_9_, individual2_.uuid as uuid73_0_, individual2_.deleted as deleted73_0_, individual2_.insertBy_uuid as insertBy15_73_0_, individual2_.insertDate as insertDate73_0_, individual2_.voidBy_uuid as voidBy16_73_0_, individual2_.voidDate as voidDate73_0_, individual2_.voidReason as voidReason73_0_, individual2_.collectedBy_uuid as collect17_73_0_, individual2_.status as status73_0_, individual2_.statusMessage as statusMe7_73_0_, individual2_.dob as dob73_0_, individual2_.dobAspect as dobAspect73_0_, individual2_.extId as extId73_0_, individual2_.father_uuid as father18_73_0_, individual2_.firstName as firstName73_0_, individual2_.gender as gender73_0_, individual2_.lastName as lastName73_0_, individual2_.middleName as middleName73_0_, individual2_.mother_uuid as mother19_73_0_, individual3_.uuid as uuid73_1_, individual3_.deleted as deleted73_1_, individual3_.insertBy_uuid as insertBy15_73_1_, individual3_.insertDate as insertDate73_1_, individual3_.voidBy_uuid as voidBy16_73_1_, individual3_.voidDate as voidDate73_1_, individual3_.voidReason as voidReason73_1_, individual3_.collectedBy_uuid as collect17_73_1_, individual3_.status as status73_1_, individual3_.statusMessage as statusMe7_73_1_, individual3_.dob as dob73_1_, individual3_.dobAspect as dobAspect73_1_, individual3_.extId as extId73_1_, individual3_.father_uuid as father18_73_1_, individual3_.firstName as firstName73_1_, individual3_.gender as gender73_1_, individual3_.lastName as lastName73_1_, individual3_.middleName as middleName73_1_, individual3_.mother_uuid as mother19_73_1_, visit4_.uuid as uuid94_2_, visit4_.deleted as deleted94_2_, visit4_.insertBy_uuid as insertBy11_94_2_, visit4_.insertDate as insertDate94_2_, visit4_.voidBy_uuid as voidBy12_94_2_, visit4_.voidDate as voidDate94_2_, visit4_.voidReason as voidReason94_2_, visit4_.collectedBy_uuid as collect13_94_2_, visit4_.status as status94_2_, visit4_.statusMessage as statusMe7_94_2_, visit4_.extId as extId94_2_, visit4_.roundNumber as roundNum9_94_2_, visit4_.visitDate as visitDate94_2_, visit4_.visitLocation_uuid as visitLo14_94_2_, extensions5_.entity_uuid as entity5_94_11_, extensions5_.uuid as uuid11_, extensions5_.uuid as uuid70_3_, extensions5_.classExtension_uuid as classExt4_70_3_, extensions5_.entity_uuid as entity5_70_3_, extensions5_.entityExtId as entityEx2_70_3_, extensions5_.extensionValue as extensio3_70_3_, classexten6_.uuid as uuid67_4_, classexten6_.answers as answers67_4_, classexten6_.description as descript3_67_4_, classexten6_.entityClass as entityCl4_67_4_, classexten6_.name as name67_4_, classexten6_.primType as primType67_4_, classexten6_.roundNumber as roundNum7_67_4_, location7_.uuid as uuid75_5_, location7_.deleted as deleted75_5_, location7_.insertBy_uuid as insertBy15_75_5_, location7_.insertDate as insertDate75_5_, location7_.voidBy_uuid as voidBy16_75_5_, location7_.voidDate as voidDate75_5_, location7_.voidReason as voidReason75_5_, location7_.collectedBy_uuid as collect17_75_5_, location7_.status as status75_5_, location7_.statusMessage as statusMe7_75_5_, location7_.accuracy as accuracy75_5_, location7_.altitude as altitude75_5_, location7_.extId as extId75_5_, location7_.latitude as latitude75_5_, location7_.locationLevel_uuid as locatio18_75_5_, location7_.locationName as locatio12_75_5_, location7_.locationType as locatio13_75_5_, location7_.longitude as longitude75_5_, locationhi8_.uuid as uuid76_6_, locationhi8_.extId as extId76_6_, locationhi8_.level_uuid as level4_76_6_, locationhi8_.name as name76_6_, locationhi8_.parent_uuid as parent5_76_6_, locationhi9_.uuid as uuid77_7_, locationhi9_.keyIdentifier as keyIdent2_77_7_, locationhi9_.name as name77_7_, locationhi10_.uuid as uuid76_8_, locationhi10_.extId as extId76_8_, locationhi10_.level_uuid as level4_76_8_, locationhi10_.name as name76_8_, locationhi10_.parent_uuid as parent5_76_8_ from pregnancyoutcome this_ left outer join individual individual2_ on this_.father_uuid=individual2_.uuid left outer join individual individual3_ on this_.mother_uuid=individual3_.uuid left outer join visit visit4_ on this_.visit_uuid=visit4_.uuid left outer join extension extensions5_ on visit4_.uuid=extensions5_.entity_uuid left outer join classExtension classexten6_ on extensions5_.classExtension_uuid=classexten6_.uuid left outer join location location7_ on visit4_.visitLocation_uuid=location7_.uuid left outer join locationhierarchy locationhi8_ on location7_.locationLevel_uuid=locationhi8_.uuid left outer join locationhierarchylevel locationhi9_ on locationhi8_.level_uuid=locationhi9_.uuid left outer join locationhierarchy locationhi10_ on locationhi8_.parent_uuid=locationhi10_.uuid where this_.mother_uuid=? and this_.deleted=? order by this_.outcomeDate desc limit ?
Hibernate: select this_.uuid as uuid84_8_, this_.deleted as deleted84_8_, this_.insertBy_uuid as insertBy10_84_8_, this_.insertDate as insertDate84_8_, this_.voidBy_uuid as voidBy11_84_8_, this_.voidDate as voidDate84_8_, this_.voidReason as voidReason84_8_, this_.collectedBy_uuid as collect12_84_8_, this_.status as status84_8_, this_.statusMessage as statusMe7_84_8_, this_.expectedDeliveryDate as expected8_84_8_, this_.mother_uuid as mother13_84_8_, this_.recordedDate as recorded9_84_8_, this_.visit_uuid as visit14_84_8_, individual2_.uuid as uuid73_0_, individual2_.deleted as deleted73_0_, individual2_.insertBy_uuid as insertBy15_73_0_, individual2_.insertDate as insertDate73_0_, individual2_.voidBy_uuid as voidBy16_73_0_, individual2_.voidDate as voidDate73_0_, individual2_.voidReason as voidReason73_0_, individual2_.collectedBy_uuid as collect17_73_0_, individual2_.status as status73_0_, individual2_.statusMessage as statusMe7_73_0_, individual2_.dob as dob73_0_, individual2_.dobAspect as dobAspect73_0_, individual2_.extId as extId73_0_, individual2_.father_uuid as father18_73_0_, individual2_.firstName as firstName73_0_, individual2_.gender as gender73_0_, individual2_.lastName as lastName73_0_, individual2_.middleName as middleName73_0_, individual2_.mother_uuid as mother19_73_0_, visit3_.uuid as uuid94_1_, visit3_.deleted as deleted94_1_, visit3_.insertBy_uuid as insertBy11_94_1_, visit3_.insertDate as insertDate94_1_, visit3_.voidBy_uuid as voidBy12_94_1_, visit3_.voidDate as voidDate94_1_, visit3_.voidReason as voidReason94_1_, visit3_.collectedBy_uuid as collect13_94_1_, visit3_.status as status94_1_, visit3_.statusMessage as statusMe7_94_1_, visit3_.extId as extId94_1_, visit3_.roundNumber as roundNum9_94_1_, visit3_.visitDate as visitDate94_1_, visit3_.visitLocation_uuid as visitLo14_94_1_, extensions4_.entity_uuid as entity5_94_10_, extensions4_.uuid as uuid10_, extensions4_.uuid as uuid70_2_, extensions4_.classExtension_uuid as classExt4_70_2_, extensions4_.entity_uuid as entity5_70_2_, extensions4_.entityExtId as entityEx2_70_2_, extensions4_.extensionValue as extensio3_70_2_, classexten5_.uuid as uuid67_3_, classexten5_.answers as answers67_3_, classexten5_.description as descript3_67_3_, classexten5_.entityClass as entityCl4_67_3_, classexten5_.name as name67_3_, classexten5_.primType as primType67_3_, classexten5_.roundNumber as roundNum7_67_3_, location6_.uuid as uuid75_4_, location6_.deleted as deleted75_4_, location6_.insertBy_uuid as insertBy15_75_4_, location6_.insertDate as insertDate75_4_, location6_.voidBy_uuid as voidBy16_75_4_, location6_.voidDate as voidDate75_4_, location6_.voidReason as voidReason75_4_, location6_.collectedBy_uuid as collect17_75_4_, location6_.status as status75_4_, location6_.statusMessage as statusMe7_75_4_, location6_.accuracy as accuracy75_4_, location6_.altitude as altitude75_4_, location6_.extId as extId75_4_, location6_.latitude as latitude75_4_, location6_.locationLevel_uuid as locatio18_75_4_, location6_.locationName as locatio12_75_4_, location6_.locationType as locatio13_75_4_, location6_.longitude as longitude75_4_, locationhi7_.uuid as uuid76_5_, locationhi7_.extId as extId76_5_, locationhi7_.level_uuid as level4_76_5_, locationhi7_.name as name76_5_, locationhi7_.parent_uuid as parent5_76_5_, locationhi8_.uuid as uuid77_6_, locationhi8_.keyIdentifier as keyIdent2_77_6_, locationhi8_.name as name77_6_, locationhi9_.uuid as uuid76_7_, locationhi9_.extId as extId76_7_, locationhi9_.level_uuid as level4_76_7_, locationhi9_.name as name76_7_, locationhi9_.parent_uuid as parent5_76_7_ from pregnancyobservation this_ left outer join individual individual2_ on this_.mother_uuid=individual2_.uuid inner join visit visit3_ on this_.visit_uuid=visit3_.uuid left outer join extension extensions4_ on visit3_.uuid=extensions4_.entity_uuid left outer join classExtension classexten5_ on extensions4_.classExtension_uuid=classexten5_.uuid left outer join location location6_ on visit3_.visitLocation_uuid=location6_.uuid left outer join locationhierarchy locationhi7_ on location6_.locationLevel_uuid=locationhi7_.uuid left outer join locationhierarchylevel locationhi8_ on locationhi7_.level_uuid=locationhi8_.uuid left outer join locationhierarchy locationhi9_ on locationhi7_.parent_uuid=locationhi9_.uuid where this_.mother_uuid=? and this_.deleted=? order by this_.recordedDate desc limit ?
Hibernate: select this_.uuid as uuid87_2_, this_.deleted as deleted87_2_, this_.insertBy_uuid as insertBy12_87_2_, this_.insertDate as insertDate87_2_, this_.voidBy_uuid as voidBy13_87_2_, this_.voidDate as voidDate87_2_, this_.voidReason as voidReason87_2_, this_.collectedBy_uuid as collect14_87_2_, this_.status as status87_2_, this_.statusMessage as statusMe7_87_2_, this_.aIsToB as aIsToB87_2_, this_.endDate as endDate87_2_, this_.endType as endType87_2_, this_.individualA_uuid as individ15_87_2_, this_.individualB_uuid as individ16_87_2_, this_.startDate as startDate87_2_, individual2_.uuid as uuid73_0_, individual2_.deleted as deleted73_0_, individual2_.insertBy_uuid as insertBy15_73_0_, individual2_.insertDate as insertDate73_0_, individual2_.voidBy_uuid as voidBy16_73_0_, individual2_.voidDate as voidDate73_0_, individual2_.voidReason as voidReason73_0_, individual2_.collectedBy_uuid as collect17_73_0_, individual2_.status as status73_0_, individual2_.statusMessage as statusMe7_73_0_, individual2_.dob as dob73_0_, individual2_.dobAspect as dobAspect73_0_, individual2_.extId as extId73_0_, individual2_.father_uuid as father18_73_0_, individual2_.firstName as firstName73_0_, individual2_.gender as gender73_0_, individual2_.lastName as lastName73_0_, individual2_.middleName as middleName73_0_, individual2_.mother_uuid as mother19_73_0_, individual3_.uuid as uuid73_1_, individual3_.deleted as deleted73_1_, individual3_.insertBy_uuid as insertBy15_73_1_, individual3_.insertDate as insertDate73_1_, individual3_.voidBy_uuid as voidBy16_73_1_, individual3_.voidDate as voidDate73_1_, individual3_.voidReason as voidReason73_1_, individual3_.collectedBy_uuid as collect17_73_1_, individual3_.status as status73_1_, individual3_.statusMessage as statusMe7_73_1_, individual3_.dob as dob73_1_, individual3_.dobAspect as dobAspect73_1_, individual3_.extId as extId73_1_, individual3_.father_uuid as father18_73_1_, individual3_.firstName as firstName73_1_, individual3_.gender as gender73_1_, individual3_.lastName as lastName73_1_, individual3_.middleName as middleName73_1_, individual3_.mother_uuid as mother19_73_1_ from relationship this_ left outer join individual individual2_ on this_.individualA_uuid=individual2_.uuid left outer join individual individual3_ on this_.individualB_uuid=individual3_.uuid where this_.individualA_uuid=? and this_.deleted=? order by this_.startDate desc limit ?
Hibernate: select this_.uuid as uuid87_2_, this_.deleted as deleted87_2_, this_.insertBy_uuid as insertBy12_87_2_, this_.insertDate as insertDate87_2_, this_.voidBy_uuid as voidBy13_87_2_, this_.voidDate as voidDate87_2_, this_.voidReason as voidReason87_2_, this_.collectedBy_uuid as collect14_87_2_, this_.status as status87_2_, this_.statusMessage as statusMe7_87_2_, this_.aIsToB as aIsToB87_2_, this_.endDate as endDate87_2_, this_.endType as endType87_2_, this_.individualA_uuid as individ15_87_2_, this_.individualB_uuid as individ16_87_2_, this_.startDate as startDate87_2_, individual2_.uuid as uuid73_0_, individual2_.deleted as deleted73_0_, individual2_.insertBy_uuid as insertBy15_73_0_, individual2_.insertDate as insertDate73_0_, individual2_.voidBy_uuid as voidBy16_73_0_, individual2_.voidDate as voidDate73_0_, individual2_.voidReason as voidReason73_0_, individual2_.collectedBy_uuid as collect17_73_0_, individual2_.status as status73_0_, individual2_.statusMessage as statusMe7_73_0_, individual2_.dob as dob73_0_, individual2_.dobAspect as dobAspect73_0_, individual2_.extId as extId73_0_, individual2_.father_uuid as father18_73_0_, individual2_.firstName as firstName73_0_, individual2_.gender as gender73_0_, individual2_.lastName as lastName73_0_, individual2_.middleName as middleName73_0_, individual2_.mother_uuid as mother19_73_0_, individual3_.uuid as uuid73_1_, individual3_.deleted as deleted73_1_, individual3_.insertBy_uuid as insertBy15_73_1_, individual3_.insertDate as insertDate73_1_, individual3_.voidBy_uuid as voidBy16_73_1_, individual3_.voidDate as voidDate73_1_, individual3_.voidReason as voidReason73_1_, individual3_.collectedBy_uuid as collect17_73_1_, individual3_.status as status73_1_, individual3_.statusMessage as statusMe7_73_1_, individual3_.dob as dob73_1_, individual3_.dobAspect as dobAspect73_1_, individual3_.extId as extId73_1_, individual3_.father_uuid as father18_73_1_, individual3_.firstName as firstName73_1_, individual3_.gender as gender73_1_, individual3_.lastName as lastName73_1_, individual3_.middleName as middleName73_1_, individual3_.mother_uuid as mother19_73_1_ from relationship this_ left outer join individual individual2_ on this_.individualA_uuid=individual2_.uuid left outer join individual individual3_ on this_.individualB_uuid=individual3_.uuid where this_.individualB_uuid=? and this_.deleted=? order by this_.startDate desc limit ?
Hibernate: select this_.uuid as uuid78_3_, this_.deleted as deleted78_3_, this_.insertBy_uuid as insertBy13_78_3_, this_.insertDate as insertDate78_3_, this_.voidBy_uuid as voidBy14_78_3_, this_.voidDate as voidDate78_3_, this_.voidReason as voidReason78_3_, this_.collectedBy_uuid as collect15_78_3_, this_.status as status78_3_, this_.statusMessage as statusMe7_78_3_, this_.bIsToA as bIsToA78_3_, this_.endDate as endDate78_3_, this_.endType as endType78_3_, this_.individual_uuid as individual16_78_3_, this_.socialGroup_uuid as socialG17_78_3_, this_.startDate as startDate78_3_, this_.startType as startType78_3_, individual2_.uuid as uuid73_0_, individual2_.deleted as deleted73_0_, individual2_.insertBy_uuid as insertBy15_73_0_, individual2_.insertDate as insertDate73_0_, individual2_.voidBy_uuid as voidBy16_73_0_, individual2_.voidDate as voidDate73_0_, individual2_.voidReason as voidReason73_0_, individual2_.collectedBy_uuid as collect17_73_0_, individual2_.status as status73_0_, individual2_.statusMessage as statusMe7_73_0_, individual2_.dob as dob73_0_, individual2_.dobAspect as dobAspect73_0_, individual2_.extId as extId73_0_, individual2_.father_uuid as father18_73_0_, individual2_.firstName as firstName73_0_, individual2_.gender as gender73_0_, individual2_.lastName as lastName73_0_, individual2_.middleName as middleName73_0_, individual2_.mother_uuid as mother19_73_0_, socialgrou3_.uuid as uuid91_1_, socialgrou3_.deleted as deleted91_1_, socialgrou3_.insertBy_uuid as insertBy11_91_1_, socialgrou3_.insertDate as insertDate91_1_, socialgrou3_.voidBy_uuid as voidBy12_91_1_, socialgrou3_.voidDate as voidDate91_1_, socialgrou3_.voidReason as voidReason91_1_, socialgrou3_.collectedBy_uuid as collect13_91_1_, socialgrou3_.status as status91_1_, socialgrou3_.statusMessage as statusMe7_91_1_, socialgrou3_.extId as extId91_1_, socialgrou3_.groupHead_uuid as groupHead14_91_1_, socialgrou3_.groupName as groupName91_1_, socialgrou3_.groupType as groupType91_1_, individual4_.uuid as uuid73_2_, individual4_.deleted as deleted73_2_, individual4_.insertBy_uuid as insertBy15_73_2_, individual4_.insertDate as insertDate73_2_, individual4_.voidBy_uuid as voidBy16_73_2_, individual4_.voidDate as voidDate73_2_, individual4_.voidReason as voidReason73_2_, individual4_.collectedBy_uuid as collect17_73_2_, individual4_.status as status73_2_, individual4_.statusMessage as statusMe7_73_2_, individual4_.dob as dob73_2_, individual4_.dobAspect as dobAspect73_2_, individual4_.extId as extId73_2_, individual4_.father_uuid as father18_73_2_, individual4_.firstName as firstName73_2_, individual4_.gender as gender73_2_, individual4_.lastName as lastName73_2_, individual4_.middleName as middleName73_2_, individual4_.mother_uuid as mother19_73_2_ from membership this_ left outer join individual individual2_ on this_.individual_uuid=individual2_.uuid left outer join socialgroup socialgrou3_ on this_.socialGroup_uuid=socialgrou3_.uuid left outer join individual individual4_ on socialgrou3_.groupHead_uuid=individual4_.uuid where this_.individual_uuid=? and this_.deleted=? order by this_.startDate desc limit ?
08:54:30,224 DEBUG com.github.springtestdbunit.DbUnitRunner:101 - Skipping @DatabaseTest expectation due to test exception class java.lang.AssertionError
08:54:30,224 DEBUG org.dbunit.database.DatabaseDataSourceConnection:141 - close() - start
</system-out>
  </testcase>
</testsuite>